warning: method `handle_auto_options` is never used
   --> crates/dialog-core/src/manager/unified.rs:563:14
    |
197 | impl UnifiedDialogManager {
    | ------------------------- method in this implementation
...
563 |     async fn handle_auto_options(&self, request: Request, source: SocketAddr) -> ApiResult<()> {
    |              ^^^^^^^^^^^^^^^^^^^
    |
    = note: `#[warn(dead_code)]` on by default

warning: method `extract_body_string` is never used
   --> crates/dialog-core/src/protocol/invite_handler.rs:177:8
    |
71  | impl DialogManager {
    | ------------------ method in this implementation
...
177 |     fn extract_body_string(&self, request: &Request) -> String {
    |        ^^^^^^^^^^^^^^^^^^^

warning: `rvoip-dialog-core` (lib) generated 2 warnings
warning: unused import: `StaticEvent`
  --> crates/infra-common/src/events/static_path.rs:14:60
   |
14 | use crate::events::types::{Event, EventResult, EventError, StaticEvent, EventFilter};
   |                                                            ^^^^^^^^^^^
   |
   = note: `#[warn(unused_imports)]` on by default

warning: unused imports: `EventError` and `StaticEvent`
  --> crates/infra-common/src/events/system.rs:16:48
   |
16 | use crate::events::types::{Event, EventResult, EventError, EventFilter, StaticEvent};
   |                                                ^^^^^^^^^^               ^^^^^^^^^^^

warning: unused imports: `EventSystemBuilder` and `ImplementationType`
  --> crates/infra-common/src/events/system.rs:21:30
   |
21 | use crate::events::builder::{ImplementationType, EventSystemBuilder};
   |                              ^^^^^^^^^^^^^^^^^^  ^^^^^^^^^^^^^^^^^^

warning: variable does not need to be mutable
  --> crates/infra-common/src/lifecycle/manager.rs:87:13
   |
87 |         let mut components = self.components.write().unwrap();
   |             ----^^^^^^^^^^
   |             |
   |             help: remove this `mut`
   |
   = note: `#[warn(unused_mut)]` on by default

warning: variable does not need to be mutable
   --> crates/infra-common/src/lifecycle/manager.rs:107:13
    |
107 |         let mut components = self.components.write().unwrap();
    |             ----^^^^^^^^^^
    |             |
    |             help: remove this `mut`

warning: variable does not need to be mutable
   --> crates/infra-common/src/lifecycle/manager.rs:127:13
    |
127 |         let mut components = self.components.write().unwrap();
    |             ----^^^^^^^^^^
    |             |
    |             help: remove this `mut`

warning: variable does not need to be mutable
   --> crates/infra-common/src/lifecycle/manager.rs:148:13
    |
148 |         let mut components = self.components.write().unwrap();
    |             ----^^^^^^^^^^
    |             |
    |             help: remove this `mut`

warning: use of deprecated method `config::Config::merge`: please use 'ConfigBuilder' instead
  --> crates/infra-common/src/config/loader.rs:63:20
   |
63 |             config.merge(File::from(base_path.clone()))
   |                    ^^^^^
   |
   = note: `#[warn(deprecated)]` on by default

warning: use of deprecated method `config::Config::merge`: please use 'ConfigBuilder' instead
  --> crates/infra-common/src/config/loader.rs:69:20
   |
69 |             config.merge(File::from(env_path))
   |                    ^^^^^

warning: use of deprecated method `config::Config::merge`: please use 'ConfigBuilder' instead
  --> crates/infra-common/src/config/loader.rs:75:16
   |
75 |         config.merge(Environment::with_prefix(&env_prefix).separator("__"))
   |                ^^^^^

warning: use of deprecated method `config::Config::merge`: please use 'ConfigBuilder' instead
  --> crates/infra-common/src/config/loader.rs:97:16
   |
97 |         config.merge(Environment::with_prefix(&env_prefix).separator("__"))
   |                ^^^^^

warning: use of deprecated method `config::Config::merge`: please use 'ConfigBuilder' instead
   --> crates/infra-common/src/config/loader.rs:115:20
    |
115 |             config.merge(File::from(p.clone()))
    |                    ^^^^^

warning: methods `type_name` and `clone_sender` are never used
  --> crates/infra-common/src/events/registry.rs:37:8
   |
35 | trait AnyBroadcastSender: Send + Sync + 'static {
   |       ------------------ methods in this trait
36 |     fn as_any(&self) -> &dyn Any;
37 |     fn type_name(&self) -> &str;
   |        ^^^^^^^^^
38 |     fn clone_sender(&self) -> Box<dyn AnyBroadcastSender>;
   |        ^^^^^^^^^^^^
   |
   = note: `#[warn(dead_code)]` on by default

warning: fields `id`, `event_type`, and `priority` are never read
  --> crates/infra-common/src/events/subscriber.rs:11:16
   |
10 | pub struct SubscriberHandle {
   |            ---------------- fields in this struct
11 |     pub(crate) id: u64,
   |                ^^
12 |     pub(crate) event_type: EventType,
   |                ^^^^^^^^^^
13 |     pub(crate) priority: EventPriority,
   |                ^^^^^^^^
   |
   = note: `SubscriberHandle` has derived impls for the traits `Clone` and `Debug`, but these are intentionally ignored during dead code analysis

warning: `infra-common` (lib) generated 14 warnings (run `cargo fix --lib -p infra-common` to apply 7 suggestions)
    Finished `dev` profile [unoptimized + debuginfo] target(s) in 0.14s
     Running `/Users/jonathan/Documents/Work/Rudeless Ventures/rvoip/rvoip/target/debug/uas_server --port 5062 --log-level info --auto-shutdown 60`
[2m2025-06-12T20:54:13.624790Z[0m [32m INFO[0m 🧪 UAS Server starting...
[2m2025-06-12T20:54:13.624881Z[0m [32m INFO[0m 🔧 Configuration:
[2m2025-06-12T20:54:13.624909Z[0m [32m INFO[0m   📡 Port: 5062
[2m2025-06-12T20:54:13.624919Z[0m [32m INFO[0m 🚀 Starting UAS Server on port 5062
[2m2025-06-12T20:54:13.625324Z[0m [32m INFO[0m Creating UnifiedDialogApi with automatic transport setup in "Hybrid" mode
[2m2025-06-12T20:54:13.625800Z[0m [32m INFO[0m SIP UDP transport bound to 127.0.0.1:5062
[2m2025-06-12T20:54:13.626971Z[0m [32m INFO[0m Added UDP transport bound to 127.0.0.1:5062
[2m2025-06-12T20:54:13.627430Z[0m [32m INFO[0m Creating UnifiedDialogApi with global events in "Hybrid" mode
[2m2025-06-12T20:54:13.627476Z[0m [32m INFO[0m Creating UnifiedDialogManager with global events in "Hybrid" mode at 127.0.0.1:5062
[2m2025-06-12T20:54:13.627516Z[0m [32m INFO[0m Creating new DialogManager with global transaction events and local address 127.0.0.1:5062
[2m2025-06-12T20:54:13.627860Z[0m [32m INFO[0m 🔄 Starting global transaction event processor for dialog-core
🔗 SETUP: Initializing dialog coordination via DialogCoordinator
🔗 SETUP: Setting up session coordination with dialog-core
✅ SETUP: Session coordination setup complete
🎬 SPAWN: Starting dialog coordination event loop
🎬 SPAWN: Starting session coordination event loop
🌉 BRIDGE: Setting up session event bridge with media auto-creation and SDP handling
📡 EVENT LOOP: Session coordination event loop started
[2m2025-06-12T20:54:13.628139Z[0m [32m INFO[0m SessionManager initialized on port 5062
[2m2025-06-12T20:54:13.628152Z[0m [32m INFO[0m ⏰ Auto-shutdown enabled: 60 seconds
[2m2025-06-12T20:54:13.628193Z[0m [32m INFO[0m 🚀 Starting UAS Server session manager...
[2m2025-06-12T20:54:13.628202Z[0m [32m INFO[0m Starting UnifiedDialogApi
[2m2025-06-12T20:54:13.628210Z[0m [32m INFO[0m Starting UnifiedDialogManager in "Hybrid" mode
[2m2025-06-12T20:54:13.628217Z[0m [32m INFO[0m DialogManager starting
[2m2025-06-12T20:54:13.628225Z[0m [32m INFO[0m DialogManager started successfully
[2m2025-06-12T20:54:13.628248Z[0m [32m INFO[0m Hybrid mode active - from_uri: Some("sip:uas@127.0.0.1:5062"), domain: None, auto_auth: false, auto_options: false
[2m2025-06-12T20:54:13.628273Z[0m [32m INFO[0m UnifiedDialogManager started successfully
[2m2025-06-12T20:54:13.628481Z[0m [32m INFO[0m Session event processor started
[2m2025-06-12T20:54:13.628498Z[0m [32m INFO[0m Cleanup manager started
[2m2025-06-12T20:54:13.628507Z[0m [32m INFO[0m SessionManager started
[2m2025-06-12T20:54:13.628517Z[0m [32m INFO[0m ✅ UAS Server ready and listening on port 5062
[2m2025-06-12T20:54:13.628537Z[0m [32m INFO[0m 🔄 Waiting for incoming calls...
=== PARSING SIP MESSAGE ===
Input length: 515 bytes
Input as string: "INVITE sip:uas@127.0.0.1:5062 SIP/2.0\r\nFrom: User <sip:uac@127.0.0.1:5061>;tag=2697981f\r\nTo: User <sip:uas@127.0.0.1:5062>\r\nCall-ID: call-412c2153-7759-4e81-a572-344bec88c4ed\r\nCSeq: 1 INVITE\r\nMax-Forwards: 70\r\nContent-Type: application/sdp\r\nContent-Length: 170\r\nVia: SIP/2.0/UDP 127.0.0.1:5061;branch=z9hG4bK-b51d1e2cb14741a0b6965b6f8abfc4ee\r\n\r\nv=0\r\no=uac 123456 654321 IN IP4 127.0.0.1\r\ns=UAC Test Call\r\nc=IN IP4 127.0.0.1\r\nt=0 0\r\nm=audio 20000 RTP/AVP 0 8\r\na=rtpmap:0 PCMU/8000\r\na=rtpmap:8 PCMA/8000\r\na=sendrecv\r\n"
Input as hex: [49, 4e, 56, 49, 54, 45, 20, 73, 69, 70, 3a, 75, 61, 73, 40, 31, 32, 37, 2e, 30, 2e, 30, 2e, 31, 3a, 35, 30, 36, 32, 20, 53, 49, 50, 2f, 32, 2e, 30, 0d, 0a, 46, 72, 6f, 6d, 3a, 20, 55, 73, 65, 72, 20, 3c, 73, 69, 70, 3a, 75, 61, 63, 40, 31, 32, 37, 2e, 30, 2e, 30, 2e, 31, 3a, 35, 30, 36, 31, 3e, 3b, 74, 61, 67, 3d, 32, 36, 39, 37, 39, 38, 31, 66, 0d, 0a, 54, 6f, 3a, 20, 55, 73, 65, 72, 20, 3c, 73, 69, 70, 3a, 75, 61, 73, 40, 31, 32, 37, 2e, 30, 2e, 30, 2e, 31, 3a, 35, 30, 36, 32, 3e, 0d, 0a, 43, 61, 6c, 6c, 2d, 49, 44, 3a, 20, 63, 61, 6c, 6c, 2d, 34, 31, 32, 63, 32, 31, 35, 33, 2d, 37, 37, 35, 39, 2d, 34, 65, 38, 31, 2d, 61, 35, 37, 32, 2d, 33, 34, 34, 62, 65, 63, 38, 38, 63, 34, 65, 64, 0d, 0a, 43, 53, 65, 71, 3a, 20, 31, 20, 49, 4e, 56, 49, 54, 45, 0d, 0a, 4d, 61, 78, 2d, 46, 6f, 72, 77, 61, 72, 64, 73, 3a, 20, 37, 30, 0d, 0a, 43, 6f, 6e, 74, 65, 6e, 74, 2d, 54, 79, 70, 65, 3a, 20, 61, 70, 70, 6c, 69, 63, 61, 74, 69, 6f, 6e, 2f, 73, 64, 70, 0d, 0a, 43, 6f, 6e, 74, 65, 6e, 74, 2d, 4c, 65, 6e, 67, 74, 68, 3a, 20, 31, 37, 30, 0d, 0a, 56, 69, 61, 3a, 20, 53, 49, 50, 2f, 32, 2e, 30, 2f, 55, 44, 50, 20, 31, 32, 37, 2e, 30, 2e, 30, 2e, 31, 3a, 35, 30, 36, 31, 3b, 62, 72, 61, 6e, 63, 68, 3d, 7a, 39, 68, 47, 34, 62, 4b, 2d, 62, 35, 31, 64, 31, 65, 32, 63, 62, 31, 34, 37, 34, 31, 61, 30, 62, 36, 39, 36, 35, 62, 36, 66, 38, 61, 62, 66, 63, 34, 65, 65, 0d, 0a, 0d, 0a, 76, 3d, 30, 0d, 0a, 6f, 3d, 75, 61, 63, 20, 31, 32, 33, 34, 35, 36, 20, 36, 35, 34, 33, 32, 31, 20, 49, 4e, 20, 49, 50, 34, 20, 31, 32, 37, 2e, 30, 2e, 30, 2e, 31, 0d, 0a, 73, 3d, 55, 41, 43, 20, 54, 65, 73, 74, 20, 43, 61, 6c, 6c, 0d, 0a, 63, 3d, 49, 4e, 20, 49, 50, 34, 20, 31, 32, 37, 2e, 30, 2e, 30, 2e, 31, 0d, 0a, 74, 3d, 30, 20, 30, 0d, 0a, 6d, 3d, 61, 75, 64, 69, 6f, 20, 32, 30, 30, 30, 30, 20, 52, 54, 50, 2f, 41, 56, 50, 20, 30, 20, 38, 0d, 0a, 61, 3d, 72, 74, 70, 6d, 61, 70, 3a, 30, 20, 50, 43, 4d, 55, 2f, 38, 30, 30, 30, 0d, 0a, 61, 3d, 72, 74, 70, 6d, 61, 70, 3a, 38, 20, 50, 43, 4d, 41, 2f, 38, 30, 30, 30, 0d, 0a, 61, 3d, 73, 65, 6e, 64, 72, 65, 63, 76, 0d, 0a]
===========================
=== PARSE SUCCESS ===
Successfully parsed message
=====================
[2m2025-06-12T20:54:16.655107Z[0m [32m INFO[0m Created new ServerInviteTransaction [3mid[0m[2m=[0mKey(z9hG4bK-b51d1e2cb14741a0b6965b6f8abfc4ee:INVITE:server) [3mmethod[0m[2m=[0mINVITE
🎯 FOUND UNASSOCIATED INVITE: Processing new incoming INVITE from 127.0.0.1:5061
🔍 INVITE HANDLER: Processing initial INVITE request from 127.0.0.1:5061
[2m2025-06-12T20:54:16.655418Z[0m [32m INFO[0m Created early dialog d847e187-5201-4f39-b05a-60223105fecb from INVITE request
🔍 INVITE HANDLER: Created early dialog d847e187-5201-4f39-b05a-60223105fecb
Transaction loop starting for Key(z9hG4bK-b51d1e2cb14741a0b6965b6f8abfc4ee:INVITE:server)
Initial state: Proceeding
🔍 INVITE HANDLER: Associated transaction Key(z9hG4bK-b51d1e2cb14741a0b6965b6f8abfc4ee:INVITE:server) with dialog d847e187-5201-4f39-b05a-60223105fecb
🔍 INVITE HANDLER: About to send SessionCoordinationEvent::IncomingCall for dialog d847e187-5201-4f39-b05a-60223105fecb
Received command: TransitionTo(Proceeding) for transaction Key(z9hG4bK-b51d1e2cb14741a0b6965b6f8abfc4ee:INVITE:server)
Processing TransitionTo(Proceeding) current state: Proceeding
🔍 INVITE HANDLER: Successfully sent SessionCoordinationEvent::IncomingCall for dialog d847e187-5201-4f39-b05a-60223105fecb
📨 EVENT LOOP: Received session coordination event in background task
🎪 SESSION COORDINATION: Received event: IncomingCall { dialog_id: DialogId(d847e187-5201-4f39-b05a-60223105fecb), transaction_id: z9hG4bK-b51d1e2cb14741a0b6965b6f8abfc4ee:INVITE:server, request: Request { method: Invite, uri: Uri { scheme: Sip, user: Some("uas"), password: None, host: Address(127.0.0.1), port: Some(5062), parameters: [], headers: {}, raw_uri: None }, version: Version { major: 2, minor: 0 }, headers: [From(From(Address { display_name: Some("User"), uri: Uri { scheme: Sip, user: Some("uac"), password: None, host: Address(127.0.0.1), port: Some(5061), parameters: [], headers: {}, raw_uri: None }, params: [Tag("2697981f")] })), To(To(Address { display_name: Some("User"), uri: Uri { scheme: Sip, user: Some("uas"), password: None, host: Address(127.0.0.1), port: Some(5062), parameters: [], headers: {}, raw_uri: None }, params: [] })), CallId(CallId("call-412c2153-7759-4e81-a572-344bec88c4ed")), CSeq(CSeq { seq: 1, method: Invite }), MaxForwards(MaxForwards(70)), ContentType(ContentType(ContentTypeValue { m_type: "application", m_subtype: "sdp", parameters: {} })), ContentLength(ContentLength(170)), Via(Via([ViaHeader { sent_protocol: SentProtocol { name: "SIP", version: "2.0", transport: "UDP" }, sent_by_host: Address(127.0.0.1), sent_by_port: Some(5061), params: [Branch("z9hG4bK-b51d1e2cb14741a0b6965b6f8abfc4ee")] }]))], body: b"v=0\r\no=uac 123456 654321 IN IP4 127.0.0.1\r\ns=UAC Test Call\r\nc=IN IP4 127.0.0.1\r\nt=0 0\r\nm=audio 20000 RTP/AVP 0 8\r\na=rtpmap:0 PCMU/8000\r\na=rtpmap:8 PCMA/8000\r\na=sendrecv\r\n" }, source: 127.0.0.1:5061 }
[2m2025-06-12T20:54:16.655533Z[0m [32m INFO[0m Initial INVITE processed, created dialog d847e187-5201-4f39-b05a-60223105fecb
Already in requested state, no transition needed: Proceeding
[2m2025-06-12T20:54:16.655639Z[0m [32m INFO[0m Incoming call from dialog d847e187-5201-4f39-b05a-60223105fecb: sip:from@127.0.0.1 -> sip:to@local
[2m2025-06-12T20:54:16.655677Z[0m [32m INFO[0m 📞 [UAS-Server] Incoming call from sip:from@127.0.0.1 to sip:to@local
[2m2025-06-12T20:54:16.655686Z[0m [32m INFO[0m 📞 [UAS-Server] Call ID: sess_26951e0c-3cf5-486f-bb65-cfe227a2cc0c
[2m2025-06-12T20:54:16.655695Z[0m [32m INFO[0m ✅ [UAS-Server] Auto-answering call
[2m2025-06-12T20:54:16.655702Z[0m [32m INFO[0m 📞 [UAS-Server] Received SDP offer, generating answer
[2m2025-06-12T20:54:16.655725Z[0m [32m INFO[0m 📞 [UAS-Server] Generated SDP answer
[2m2025-06-12T20:54:16.655759Z[0m [32m INFO[0m Answering call d847e187-5201-4f39-b05a-60223105fecb
[2m2025-06-12T20:54:16.655887Z[0m [32m INFO[0m Sending response message to 127.0.0.1:5061
[2m2025-06-12T20:54:16.655952Z[0m [32m INFO[0m Dialog d847e187-5201-4f39-b05a-60223105fecb local tag set to match response: tag-b4f8041fd6e34dda8d9429fa5327967f
[2m2025-06-12T20:54:16.655960Z[0m [32m INFO[0m Dialog d847e187-5201-4f39-b05a-60223105fecb transitioned to Confirmed state
[2m2025-06-12T20:54:16.655974Z[0m [32m INFO[0m Updated dialog lookup for confirmed dialog d847e187-5201-4f39-b05a-60223105fecb
[2m2025-06-12T20:54:16.655987Z[0m [32m INFO[0m Successfully answered call d847e187-5201-4f39-b05a-60223105fecb
[2m2025-06-12T20:54:16.656010Z[0m [32m INFO[0m Successfully answered incoming call for session sess_26951e0c-3cf5-486f-bb65-cfe227a2cc0c
📨 EVENT LOOP: Received session coordination event in background task
🎪 SESSION COORDINATION: Received event: CallAnswered { dialog_id: DialogId(d847e187-5201-4f39-b05a-60223105fecb), session_answer: "v=0\r\no=uas 123456 654321 IN IP4 127.0.0.1\r\ns=UAS Test Call\r\nc=IN IP4 127.0.0.1\r\nt=0 0\r\nm=audio 10001 RTP/AVP 0 8\r\na=rtpmap:0 PCMU/8000\r\na=rtpmap:8 PCMA/8000\r\na=sendrecv\r\n" }
[2m2025-06-12T20:54:16.656052Z[0m [32m INFO[0m Call answered for session sess_26951e0c-3cf5-486f-bb65-cfe227a2cc0c: d847e187-5201-4f39-b05a-60223105fecb (awaiting ACK per RFC 3261)
[2m2025-06-12T20:54:16.656067Z[0m [32m INFO[0m 📞 Call answered for session sess_26951e0c-3cf5-486f-bb65-cfe227a2cc0c - keeping in Initiating state until media ready
Received command: CancelTimer100 for transaction Key(z9hG4bK-b51d1e2cb14741a0b6965b6f8abfc4ee:INVITE:server)
[2m2025-06-12T20:54:16.656090Z[0m [32m INFO[0m 🚫 RFC 3261: NOT creating media session yet - waiting for ACK
Received command: TransitionTo(Terminated) for transaction Key(z9hG4bK-b51d1e2cb14741a0b6965b6f8abfc4ee:INVITE:server)
Processing TransitionTo(Terminated) current state: Proceeding
Valid state transition: Proceeding -> Terminated
State successfully changed to: Terminated
[2m2025-06-12T20:54:16.656133Z[0m [32m INFO[0m 📄 Stored remote SDP answer for session sess_26951e0c-3cf5-486f-bb65-cfe227a2cc0c
Sent StateChanged event result: Success
Transaction loop ending for Key(z9hG4bK-b51d1e2cb14741a0b6965b6f8abfc4ee:INVITE:server). Final state: Terminated
=== PARSING SIP MESSAGE ===
Input length: 349 bytes
Input as string: "ACK sip:server@127.0.0.1:5062 SIP/2.0\r\nFrom: User <sip:uac@127.0.0.1:5061>;tag=2697981f\r\nTo: User <sip:uas@127.0.0.1:5062>;tag=tag-b4f8041fd6e34dda8d9429fa5327967f\r\nCall-ID: call-412c2153-7759-4e81-a572-344bec88c4ed\r\nCSeq: 1 ACK\r\nVia: SIP/2.0/UDP 127.0.0.1:5061;branch=z9hG4bK569442744a7a406e9e46d3c816701688\r\nMax-Forwards: 70\r\nContent-Length: 0\r\n\r\n"
Input as hex: [41, 43, 4b, 20, 73, 69, 70, 3a, 73, 65, 72, 76, 65, 72, 40, 31, 32, 37, 2e, 30, 2e, 30, 2e, 31, 3a, 35, 30, 36, 32, 20, 53, 49, 50, 2f, 32, 2e, 30, 0d, 0a, 46, 72, 6f, 6d, 3a, 20, 55, 73, 65, 72, 20, 3c, 73, 69, 70, 3a, 75, 61, 63, 40, 31, 32, 37, 2e, 30, 2e, 30, 2e, 31, 3a, 35, 30, 36, 31, 3e, 3b, 74, 61, 67, 3d, 32, 36, 39, 37, 39, 38, 31, 66, 0d, 0a, 54, 6f, 3a, 20, 55, 73, 65, 72, 20, 3c, 73, 69, 70, 3a, 75, 61, 73, 40, 31, 32, 37, 2e, 30, 2e, 30, 2e, 31, 3a, 35, 30, 36, 32, 3e, 3b, 74, 61, 67, 3d, 74, 61, 67, 2d, 62, 34, 66, 38, 30, 34, 31, 66, 64, 36, 65, 33, 34, 64, 64, 61, 38, 64, 39, 34, 32, 39, 66, 61, 35, 33, 32, 37, 39, 36, 37, 66, 0d, 0a, 43, 61, 6c, 6c, 2d, 49, 44, 3a, 20, 63, 61, 6c, 6c, 2d, 34, 31, 32, 63, 32, 31, 35, 33, 2d, 37, 37, 35, 39, 2d, 34, 65, 38, 31, 2d, 61, 35, 37, 32, 2d, 33, 34, 34, 62, 65, 63, 38, 38, 63, 34, 65, 64, 0d, 0a, 43, 53, 65, 71, 3a, 20, 31, 20, 41, 43, 4b, 0d, 0a, 56, 69, 61, 3a, 20, 53, 49, 50, 2f, 32, 2e, 30, 2f, 55, 44, 50, 20, 31, 32, 37, 2e, 30, 2e, 30, 2e, 31, 3a, 35, 30, 36, 31, 3b, 62, 72, 61, 6e, 63, 68, 3d, 7a, 39, 68, 47, 34, 62, 4b, 35, 36, 39, 34, 34, 32, 37, 34, 34, 61, 37, 61, 34, 30, 36, 65, 39, 65, 34, 36, 64, 33, 63, 38, 31, 36, 37, 30, 31, 36, 38, 38, 0d, 0a, 4d, 61, 78, 2d, 46, 6f, 72, 77, 61, 72, 64, 73, 3a, 20, 37, 30, 0d, 0a, 43, 6f, 6e, 74, 65, 6e, 74, 2d, 4c, 65, 6e, 67, 74, 68, 3a, 20, 30, 0d, 0a, 0d, 0a]
===========================
Attempting to parse tag from: [116, 97, 103, 61, 116, 97, 103, 45, 98, 52, 102, 56, 48, 52, 49, 102, 100, 54, 101, 51, 52, 100, 100, 97, 56, 100, 57, 52, 50, 57, 102, 97, 53, 51, 50, 55, 57, 54, 55, 102]
Successfully parsed tag: tag-b4f8041fd6e34dda8d9429fa5327967f
=== PARSE SUCCESS ===
Successfully parsed message
=====================
Parsed path: [Field("headers"), Field("From"), Field("params"), Index(0), Field("Tag")] from 'headers.From.params[0].Tag'
Processing segment Field("params") at index 2, current value: Object({"params": Array([Object({"Tag": String("2697981f")})]), "uri": Object({"scheme": String("Sip"), "port": Number(5061.0), "parameters": Array([]), "headers": Object({}), "host": Object({"Address": String("127.0.0.1")}), "user": String("uac"), "password": Null, "raw_uri": Null}), "display_name": String("User")})
Processing segment Index(0) at index 3, current value: Array([Object({"Tag": String("2697981f")})])
Processing segment Field("Tag") at index 4, current value: Object({"Tag": String("2697981f")})
Final value for path 'headers.From.params[0].Tag': String("2697981f")
Parsed path: [Field("headers"), Field("From"), Field("params"), Index(0), Field("Tag")] from 'headers.From.params[0].Tag'
Processing segment Field("params") at index 2, current value: Object({"display_name": String("User"), "params": Array([Object({"Tag": String("2697981f")})]), "uri": Object({"raw_uri": Null, "user": String("uac"), "port": Number(5061.0), "headers": Object({}), "password": Null, "host": Object({"Address": String("127.0.0.1")}), "scheme": String("Sip"), "parameters": Array([])})})
Processing segment Index(0) at index 3, current value: Array([Object({"Tag": String("2697981f")})])
Processing segment Field("Tag") at index 4, current value: Object({"Tag": String("2697981f")})
Final value for path 'headers.From.params[0].Tag': String("2697981f")
Parsed path: [Field("headers"), Field("To"), Field("params"), Index(0), Field("Tag")] from 'headers.To.params[0].Tag'
Processing segment Field("params") at index 2, current value: Object({"params": Array([]), "uri": Object({"parameters": Array([]), "port": Number(5062.0), "user": String("uas"), "password": Null, "host": Object({"Address": String("127.0.0.1")}), "scheme": String("Sip"), "headers": Object({}), "raw_uri": Null}), "display_name": String("User")})
Processing segment Index(0) at index 3, current value: Array([])
Index 0 out of bounds for array of length 0
Parsed path: [Field("headers"), Field("To"), Field("params"), Index(0), Field("Tag")] from 'headers.To.params[0].Tag'
Processing segment Field("params") at index 2, current value: Object({"uri": Object({"host": Object({"Address": String("127.0.0.1")}), "scheme": String("Sip"), "headers": Object({}), "password": Null, "parameters": Array([]), "port": Number(5062.0), "raw_uri": Null, "user": String("uas")}), "display_name": String("User"), "params": Array([Object({"Tag": String("tag-b4f8041fd6e34dda8d9429fa5327967f")})])})
Processing segment Index(0) at index 3, current value: Array([Object({"Tag": String("tag-b4f8041fd6e34dda8d9429fa5327967f")})])
Processing segment Field("Tag") at index 4, current value: Object({"Tag": String("tag-b4f8041fd6e34dda8d9429fa5327967f")})
Final value for path 'headers.To.params[0].Tag': String("tag-b4f8041fd6e34dda8d9429fa5327967f")
[2m2025-06-12T20:54:16.665515Z[0m [32m INFO[0m ✅ RFC 3261: ACK received for transaction Key(z9hG4bK-b51d1e2cb14741a0b6965b6f8abfc4ee:INVITE:server) in dialog d847e187-5201-4f39-b05a-60223105fecb - time to start media (UAS side)
📨 EVENT LOOP: Received session coordination event in background task
🎪 SESSION COORDINATION: Received event: AckReceived { dialog_id: DialogId(d847e187-5201-4f39-b05a-60223105fecb), transaction_id: z9hG4bK-b51d1e2cb14741a0b6965b6f8abfc4ee:INVITE:server, negotiated_sdp: None }
[2m2025-06-12T20:54:16.665565Z[0m [32m INFO[0m ✅ RFC 3261: ACK RECEIVED for session sess_26951e0c-3cf5-486f-bb65-cfe227a2cc0c - creating media session (UAS side)
[2m2025-06-12T20:54:16.665595Z[0m [32m INFO[0m 🚀 RFC 3261: Creating media session after ACK for sess_26951e0c-3cf5-486f-bb65-cfe227a2cc0c: rfc_compliant_media_creation_uas
[2m2025-06-12T20:54:16.665610Z[0m [32m INFO[0m Starting media session for dialog: media-sess_26951e0c-3cf5-486f-bb65-cfe227a2cc0c
[2m2025-06-12T20:54:16.665653Z[0m [32m INFO[0m Created global port allocator with range 16384-32767
[2m2025-06-12T20:54:17.671097Z[0m [32m INFO[0m Started UDP transport receiver tasks
[2m2025-06-12T20:54:17.671270Z[0m [32m INFO[0m Started RTP session with SSRC=85c8e7c3
[2m2025-06-12T20:54:17.671423Z[0m [32m INFO[0m ✅ Created media session with REAL RTP session: media-sess_26951e0c-3cf5-486f-bb65-cfe227a2cc0c (port: 27918)
[2m2025-06-12T20:54:17.671517Z[0m [32m INFO[0m ✅ Created media session: media-sess_26951e0c-3cf5-486f-bb65-cfe227a2cc0c for SIP session: sess_26951e0c-3cf5-486f-bb65-cfe227a2cc0c with real MediaSessionController + zero-copy enabled
[2m2025-06-12T20:54:17.671554Z[0m [32m INFO[0m ✅ Successfully created RFC-compliant media session for sess_26951e0c-3cf5-486f-bb65-cfe227a2cc0c
[2m2025-06-12T20:54:17.671633Z[0m [32m INFO[0m ✅ Updated media session for SIP session: sess_26951e0c-3cf5-486f-bb65-cfe227a2cc0c with remote: 127.0.0.1:10001 and codecs: ["PCMU"]
[2m2025-06-12T20:54:17.671668Z[0m [32m INFO[0m ✅ Applied stored remote SDP to new media session for sess_26951e0c-3cf5-486f-bb65-cfe227a2cc0c
[2m2025-06-12T20:54:17.671723Z[0m [32m INFO[0m 🎉 Session sess_26951e0c-3cf5-486f-bb65-cfe227a2cc0c transitioned to Active in registry - media ready and session fully established!
=== PARSING SIP MESSAGE ===
Input length: 347 bytes
Input as string: "BYE sip:uas@127.0.0.1:5062 SIP/2.0\r\nFrom: User <sip:uac@127.0.0.1:5061>;tag=2697981f\r\nTo: User <sip:uas@127.0.0.1:5062>;tag=tag-b4f8041fd6e34dda8d9429fa5327967f\r\nCall-ID: call-412c2153-7759-4e81-a572-344bec88c4ed\r\nCSeq: 2 BYE\r\nMax-Forwards: 70\r\nContent-Length: 0\r\nVia: SIP/2.0/UDP 127.0.0.1:5061;branch=z9hG4bK-18787c66dbae433598fd25be2a23b403\r\n\r\n"
Input as hex: [42, 59, 45, 20, 73, 69, 70, 3a, 75, 61, 73, 40, 31, 32, 37, 2e, 30, 2e, 30, 2e, 31, 3a, 35, 30, 36, 32, 20, 53, 49, 50, 2f, 32, 2e, 30, 0d, 0a, 46, 72, 6f, 6d, 3a, 20, 55, 73, 65, 72, 20, 3c, 73, 69, 70, 3a, 75, 61, 63, 40, 31, 32, 37, 2e, 30, 2e, 30, 2e, 31, 3a, 35, 30, 36, 31, 3e, 3b, 74, 61, 67, 3d, 32, 36, 39, 37, 39, 38, 31, 66, 0d, 0a, 54, 6f, 3a, 20, 55, 73, 65, 72, 20, 3c, 73, 69, 70, 3a, 75, 61, 73, 40, 31, 32, 37, 2e, 30, 2e, 30, 2e, 31, 3a, 35, 30, 36, 32, 3e, 3b, 74, 61, 67, 3d, 74, 61, 67, 2d, 62, 34, 66, 38, 30, 34, 31, 66, 64, 36, 65, 33, 34, 64, 64, 61, 38, 64, 39, 34, 32, 39, 66, 61, 35, 33, 32, 37, 39, 36, 37, 66, 0d, 0a, 43, 61, 6c, 6c, 2d, 49, 44, 3a, 20, 63, 61, 6c, 6c, 2d, 34, 31, 32, 63, 32, 31, 35, 33, 2d, 37, 37, 35, 39, 2d, 34, 65, 38, 31, 2d, 61, 35, 37, 32, 2d, 33, 34, 34, 62, 65, 63, 38, 38, 63, 34, 65, 64, 0d, 0a, 43, 53, 65, 71, 3a, 20, 32, 20, 42, 59, 45, 0d, 0a, 4d, 61, 78, 2d, 46, 6f, 72, 77, 61, 72, 64, 73, 3a, 20, 37, 30, 0d, 0a, 43, 6f, 6e, 74, 65, 6e, 74, 2d, 4c, 65, 6e, 67, 74, 68, 3a, 20, 30, 0d, 0a, 56, 69, 61, 3a, 20, 53, 49, 50, 2f, 32, 2e, 30, 2f, 55, 44, 50, 20, 31, 32, 37, 2e, 30, 2e, 30, 2e, 31, 3a, 35, 30, 36, 31, 3b, 62, 72, 61, 6e, 63, 68, 3d, 7a, 39, 68, 47, 34, 62, 4b, 2d, 31, 38, 37, 38, 37, 63, 36, 36, 64, 62, 61, 65, 34, 33, 33, 35, 39, 38, 66, 64, 32, 35, 62, 65, 32, 61, 32, 33, 62, 34, 30, 33, 0d, 0a, 0d, 0a]
===========================
Attempting to parse tag from: [116, 97, 103, 61, 116, 97, 103, 45, 98, 52, 102, 56, 48, 52, 49, 102, 100, 54, 101, 51, 52, 100, 100, 97, 56, 100, 57, 52, 50, 57, 102, 97, 53, 51, 50, 55, 57, 54, 55, 102]
Successfully parsed tag: tag-b4f8041fd6e34dda8d9429fa5327967f
=== PARSE SUCCESS ===
Successfully parsed message
=====================
[2m2025-06-12T20:54:26.776478Z[0m [32m INFO[0m Created new ServerNonInviteTransaction [3mid[0m[2m=[0mKey(z9hG4bK-18787c66dbae433598fd25be2a23b403:BYE:server) [3mmethod[0m[2m=[0mBYE
Transaction loop starting for Key(z9hG4bK-18787c66dbae433598fd25be2a23b403:BYE:server)
Initial state: Trying
Received command: TransitionTo(Trying) for transaction Key(z9hG4bK-18787c66dbae433598fd25be2a23b403:BYE:server)
Processing TransitionTo(Trying) current state: Trying
Already in requested state, no transition needed: Trying
Received command: ProcessMessage(Request(Request { method: Bye, uri: Uri { scheme: Sip, user: Some("uas"), password: None, host: Address(127.0.0.1), port: Some(5062), parameters: [], headers: {}, raw_uri: None }, version: Version { major: 2, minor: 0 }, headers: [From(From(Address { display_name: Some("User"), uri: Uri { scheme: Sip, user: Some("uac"), password: None, host: Address(127.0.0.1), port: Some(5061), parameters: [], headers: {}, raw_uri: None }, params: [Tag("2697981f")] })), To(To(Address { display_name: Some("User"), uri: Uri { scheme: Sip, user: Some("uas"), password: None, host: Address(127.0.0.1), port: Some(5062), parameters: [], headers: {}, raw_uri: None }, params: [Tag("tag-b4f8041fd6e34dda8d9429fa5327967f")] })), CallId(CallId("call-412c2153-7759-4e81-a572-344bec88c4ed")), CSeq(CSeq { seq: 2, method: Bye }), MaxForwards(MaxForwards(70)), ContentLength(ContentLength(0)), Via(Via([ViaHeader { sent_protocol: SentProtocol { name: "SIP", version: "2.0", transport: "UDP" }, sent_by_host: Address(127.0.0.1), sent_by_port: Some(5061), params: [Branch("z9hG4bK-18787c66dbae433598fd25be2a23b403")] }]))], body: b"" })) for transaction Key(z9hG4bK-18787c66dbae433598fd25be2a23b403:BYE:server)
[2m2025-06-12T20:54:26.776823Z[0m [32m INFO[0m Sending response message to 127.0.0.1:5061
Received command: TransitionTo(Completed) for transaction Key(z9hG4bK-18787c66dbae433598fd25be2a23b403:BYE:server)
Processing TransitionTo(Completed) current state: Trying
Valid state transition: Trying -> Completed
State successfully changed to: Completed
[2m2025-06-12T20:54:26.777092Z[0m [32m INFO[0m BYE processed for dialog d847e187-5201-4f39-b05a-60223105fecb
📨 EVENT LOOP: Received session coordination event in background task
🎪 SESSION COORDINATION: Received event: CallTerminated { dialog_id: DialogId(d847e187-5201-4f39-b05a-60223105fecb), reason: "BYE received" }
Sent StateChanged event result: Success
[2m2025-06-12T20:54:26.777307Z[0m [32m INFO[0m Call terminated for session sess_26951e0c-3cf5-486f-bb65-cfe227a2cc0c: d847e187-5201-4f39-b05a-60223105fecb - BYE received
Received command: Timer("J") for transaction Key(z9hG4bK-18787c66dbae433598fd25be2a23b403:BYE:server)
Received command: TransitionTo(Terminated) for transaction Key(z9hG4bK-18787c66dbae433598fd25be2a23b403:BYE:server)
Processing TransitionTo(Terminated) current state: Completed
Valid state transition: Completed -> Terminated
State successfully changed to: Terminated
Sent StateChanged event result: Success
Transaction loop ending for Key(z9hG4bK-18787c66dbae433598fd25be2a23b403:BYE:server). Final state: Terminated
Error: deadline has elapsed
