warning: method `handle_auto_options` is never used
   --> crates/dialog-core/src/manager/unified.rs:563:14
    |
197 | impl UnifiedDialogManager {
    | ------------------------- method in this implementation
...
563 |     async fn handle_auto_options(&self, request: Request, source: SocketAddr) -> ApiResult<()> {
    |              ^^^^^^^^^^^^^^^^^^^
    |
    = note: `#[warn(dead_code)]` on by default

warning: method `extract_body_string` is never used
   --> crates/dialog-core/src/protocol/invite_handler.rs:177:8
    |
71  | impl DialogManager {
    | ------------------ method in this implementation
...
177 |     fn extract_body_string(&self, request: &Request) -> String {
    |        ^^^^^^^^^^^^^^^^^^^

warning: `rvoip-dialog-core` (lib) generated 2 warnings
warning: unused import: `StaticEvent`
  --> crates/infra-common/src/events/static_path.rs:14:60
   |
14 | use crate::events::types::{Event, EventResult, EventError, StaticEvent, EventFilter};
   |                                                            ^^^^^^^^^^^
   |
   = note: `#[warn(unused_imports)]` on by default

warning: unused imports: `EventError` and `StaticEvent`
  --> crates/infra-common/src/events/system.rs:16:48
   |
16 | use crate::events::types::{Event, EventResult, EventError, EventFilter, StaticEvent};
   |                                                ^^^^^^^^^^               ^^^^^^^^^^^

warning: unused imports: `EventSystemBuilder` and `ImplementationType`
  --> crates/infra-common/src/events/system.rs:21:30
   |
21 | use crate::events::builder::{ImplementationType, EventSystemBuilder};
   |                              ^^^^^^^^^^^^^^^^^^  ^^^^^^^^^^^^^^^^^^

warning: variable does not need to be mutable
  --> crates/infra-common/src/lifecycle/manager.rs:87:13
   |
87 |         let mut components = self.components.write().unwrap();
   |             ----^^^^^^^^^^
   |             |
   |             help: remove this `mut`
   |
   = note: `#[warn(unused_mut)]` on by default

warning: variable does not need to be mutable
   --> crates/infra-common/src/lifecycle/manager.rs:107:13
    |
107 |         let mut components = self.components.write().unwrap();
    |             ----^^^^^^^^^^
    |             |
    |             help: remove this `mut`

warning: variable does not need to be mutable
   --> crates/infra-common/src/lifecycle/manager.rs:127:13
    |
127 |         let mut components = self.components.write().unwrap();
    |             ----^^^^^^^^^^
    |             |
    |             help: remove this `mut`

warning: variable does not need to be mutable
   --> crates/infra-common/src/lifecycle/manager.rs:148:13
    |
148 |         let mut components = self.components.write().unwrap();
    |             ----^^^^^^^^^^
    |             |
    |             help: remove this `mut`

warning: use of deprecated method `config::Config::merge`: please use 'ConfigBuilder' instead
  --> crates/infra-common/src/config/loader.rs:63:20
   |
63 |             config.merge(File::from(base_path.clone()))
   |                    ^^^^^
   |
   = note: `#[warn(deprecated)]` on by default

warning: use of deprecated method `config::Config::merge`: please use 'ConfigBuilder' instead
  --> crates/infra-common/src/config/loader.rs:69:20
   |
69 |             config.merge(File::from(env_path))
   |                    ^^^^^

warning: use of deprecated method `config::Config::merge`: please use 'ConfigBuilder' instead
  --> crates/infra-common/src/config/loader.rs:75:16
   |
75 |         config.merge(Environment::with_prefix(&env_prefix).separator("__"))
   |                ^^^^^

warning: use of deprecated method `config::Config::merge`: please use 'ConfigBuilder' instead
  --> crates/infra-common/src/config/loader.rs:97:16
   |
97 |         config.merge(Environment::with_prefix(&env_prefix).separator("__"))
   |                ^^^^^

warning: use of deprecated method `config::Config::merge`: please use 'ConfigBuilder' instead
   --> crates/infra-common/src/config/loader.rs:115:20
    |
115 |             config.merge(File::from(p.clone()))
    |                    ^^^^^

warning: methods `type_name` and `clone_sender` are never used
  --> crates/infra-common/src/events/registry.rs:37:8
   |
35 | trait AnyBroadcastSender: Send + Sync + 'static {
   |       ------------------ methods in this trait
36 |     fn as_any(&self) -> &dyn Any;
37 |     fn type_name(&self) -> &str;
   |        ^^^^^^^^^
38 |     fn clone_sender(&self) -> Box<dyn AnyBroadcastSender>;
   |        ^^^^^^^^^^^^
   |
   = note: `#[warn(dead_code)]` on by default

warning: fields `id`, `event_type`, and `priority` are never read
  --> crates/infra-common/src/events/subscriber.rs:11:16
   |
10 | pub struct SubscriberHandle {
   |            ---------------- fields in this struct
11 |     pub(crate) id: u64,
   |                ^^
12 |     pub(crate) event_type: EventType,
   |                ^^^^^^^^^^
13 |     pub(crate) priority: EventPriority,
   |                ^^^^^^^^
   |
   = note: `SubscriberHandle` has derived impls for the traits `Clone` and `Debug`, but these are intentionally ignored during dead code analysis

warning: `infra-common` (lib) generated 14 warnings (run `cargo fix --lib -p infra-common` to apply 7 suggestions)
warning: unused import: `std::collections::HashMap`
 --> crates/client-core/src/client/media_builder.rs:5:5
  |
5 | use std::collections::HashMap;
  |     ^^^^^^^^^^^^^^^^^^^^^^^^^
  |
  = note: `#[warn(unused_imports)]` on by default

warning: variable does not need to be mutable
  --> crates/client-core/src/client/manager.rs:88:13
   |
88 |         let mut builder = SessionManagerBuilder::new()
   |             ----^^^^^^^
   |             |
   |             help: remove this `mut`
   |
   = note: `#[warn(unused_mut)]` on by default

warning: missing documentation for a module
   --> crates/client-core/src/client/mod.rs:238:1
    |
238 | pub mod config;
    | ^^^^^^^^^^^^^^
    |
note: the lint level is defined here
   --> crates/client-core/src/lib.rs:130:9
    |
130 | #![warn(missing_docs)]
    |         ^^^^^^^^^^^^

warning: missing documentation for a module
   --> crates/client-core/src/client/mod.rs:239:1
    |
239 | pub mod controls;
    | ^^^^^^^^^^^^^^^^

warning: missing documentation for a module
   --> crates/client-core/src/client/mod.rs:241:1
    |
241 | pub mod manager;
    | ^^^^^^^^^^^^^^^

warning: missing documentation for a type alias
   --> crates/client-core/src/client/mod.rs:289:1
    |
289 | pub type Client = ClientManager;
    | ^^^^^^^^^^^^^^^

warning: missing documentation for a struct field
  --> crates/client-core/src/client/config.rs:13:5
   |
13 |     pub echo_cancellation: bool,
   |     ^^^^^^^^^^^^^^^^^^^^^^^^^^^

warning: missing documentation for a struct field
  --> crates/client-core/src/client/config.rs:14:5
   |
14 |     pub noise_suppression: bool,
   |     ^^^^^^^^^^^^^^^^^^^^^^^^^^^

warning: missing documentation for a struct field
  --> crates/client-core/src/client/config.rs:15:5
   |
15 |     pub auto_gain_control: bool,
   |     ^^^^^^^^^^^^^^^^^^^^^^^^^^^

warning: missing documentation for a struct field
  --> crates/client-core/src/client/config.rs:22:5
   |
22 |     pub srtp_profiles: Vec<String>,
   |     ^^^^^^^^^^^^^^^^^^^^^^^^^^^^^^

warning: missing documentation for a struct field
  --> crates/client-core/src/client/config.rs:26:5
   |
26 |     pub rtp_port_end: u16,
   |     ^^^^^^^^^^^^^^^^^^^^^

warning: missing documentation for a struct field
  --> crates/client-core/src/client/events.rs:30:5
   |
30 |     pub client_event_handler: Arc<RwLock<Option<Arc<dyn ClientEventHandler>>>>,
   |     ^^^^^^^^^^^^^^^^^^^^^^^^^^^^^^^^^^^^^^^^^^^^^^^^^^^^^^^^^^^^^^^^^^^^^^^^^^

warning: missing documentation for a struct field
  --> crates/client-core/src/client/events.rs:31:5
   |
31 |     pub call_mapping: Arc<DashMap<SessionId, CallId>>,
   |     ^^^^^^^^^^^^^^^^^^^^^^^^^^^^^^^^^^^^^^^^^^^^^^^^^

warning: missing documentation for a struct field
  --> crates/client-core/src/client/events.rs:32:5
   |
32 |     pub session_mapping: Arc<DashMap<CallId, SessionId>>,
   |     ^^^^^^^^^^^^^^^^^^^^^^^^^^^^^^^^^^^^^^^^^^^^^^^^^^^^

warning: missing documentation for a struct field
  --> crates/client-core/src/client/events.rs:33:5
   |
33 |     pub call_info: Arc<DashMap<CallId, CallInfo>>,
   |     ^^^^^^^^^^^^^^^^^^^^^^^^^^^^^^^^^^^^^^^^^^^^^

warning: missing documentation for a struct field
  --> crates/client-core/src/client/events.rs:34:5
   |
34 |     pub incoming_calls: Arc<DashMap<CallId, IncomingCall>>,
   |     ^^^^^^^^^^^^^^^^^^^^^^^^^^^^^^^^^^^^^^^^^^^^^^^^^^^^^^

warning: missing documentation for a struct field
  --> crates/client-core/src/client/events.rs:35:5
   |
35 |     pub event_tx: Option<tokio::sync::broadcast::Sender<crate::events::ClientEvent>>,
   |     ^^^^^^^^^^^^^^^^^^^^^^^^^^^^^^^^^^^^^^^^^^^^^^^^^^^^^^^^^^^^^^^^^^^^^^^^^^^^^^^^

warning: missing documentation for an associated function
  --> crates/client-core/src/client/events.rs:51:5
   |
51 | /     pub fn new(
52 | |         call_mapping: Arc<DashMap<SessionId, CallId>>,
53 | |         session_mapping: Arc<DashMap<CallId, SessionId>>,
54 | |         call_info: Arc<DashMap<CallId, CallInfo>>,
55 | |         incoming_calls: Arc<DashMap<CallId, IncomingCall>>,
56 | |     ) -> Self {
   | |_____________^

warning: missing documentation for a method
  --> crates/client-core/src/client/events.rs:67:5
   |
67 |     pub fn with_event_tx(mut self, event_tx: tokio::sync::broadcast::Sender<crate::events::ClientEvent>) -> Sel...
   |     ^^^^^^^^^^^^^^^^^^^^^^^^^^^^^^^^^^^^^^^^^^^^^^^^^^^^^^^^^^^^^^^^^^^^^^^^^^^^^^^^^^^^^^^^^^^^^^^^^^^^^^^^^^^^

warning: missing documentation for a method
  --> crates/client-core/src/client/events.rs:72:5
   |
72 |     pub async fn set_event_handler(&self, handler: Arc<dyn ClientEventHandler>) {
   |     ^^^^^^^^^^^^^^^^^^^^^^^^^^^^^^^^^^^^^^^^^^^^^^^^^^^^^^^^^^^^^^^^^^^^^^^^^^^

warning: missing documentation for a method
   --> crates/client-core/src/client/events.rs:114:5
    |
114 |     pub fn extract_display_name_from_header(&self, header: &str) -> Option<String> {
    |     ^^^^^^^^^^^^^^^^^^^^^^^^^^^^^^^^^^^^^^^^^^^^^^^^^^^^^^^^^^^^^^^^^^^^^^^^^^^^^^

warning: missing documentation for a method
   --> crates/client-core/src/client/media.rs:197:5
    |
197 |     pub async fn get_available_codecs(&self) -> Vec<AudioCodecInfo> {
    |     ^^^^^^^^^^^^^^^^^^^^^^^^^^^^^^^^^^^^^^^^^^^^^^^^^^^^^^^^^^^^^^^

warning: missing documentation for a struct field
  --> crates/client-core/src/client/types.rs:14:5
   |
14 |     pub is_running: bool,
   |     ^^^^^^^^^^^^^^^^^^^^

warning: missing documentation for a struct field
  --> crates/client-core/src/client/types.rs:15:5
   |
15 |     pub local_sip_addr: std::net::SocketAddr,
   |     ^^^^^^^^^^^^^^^^^^^^^^^^^^^^^^^^^^^^^^^^

warning: missing documentation for a struct field
  --> crates/client-core/src/client/types.rs:16:5
   |
16 |     pub local_media_addr: std::net::SocketAddr,
   |     ^^^^^^^^^^^^^^^^^^^^^^^^^^^^^^^^^^^^^^^^^^

warning: missing documentation for a struct field
  --> crates/client-core/src/client/types.rs:17:5
   |
17 |     pub total_calls: usize,
   |     ^^^^^^^^^^^^^^^^^^^^^^

warning: missing documentation for a struct field
  --> crates/client-core/src/client/types.rs:18:5
   |
18 |     pub connected_calls: usize,
   |     ^^^^^^^^^^^^^^^^^^^^^^^^^^

warning: missing documentation for a struct field
  --> crates/client-core/src/client/types.rs:19:5
   |
19 |     pub total_registrations: usize,
   |     ^^^^^^^^^^^^^^^^^^^^^^^^^^^^^^

warning: missing documentation for a struct field
  --> crates/client-core/src/client/types.rs:20:5
   |
20 |     pub active_registrations: usize,
   |     ^^^^^^^^^^^^^^^^^^^^^^^^^^^^^^^

warning: missing documentation for a struct field
  --> crates/client-core/src/client/types.rs:28:5
   |
28 |     pub call_id: CallId,
   |     ^^^^^^^^^^^^^^^^^^^

warning: missing documentation for a struct field
  --> crates/client-core/src/client/types.rs:29:5
   |
29 |     pub local_sdp: Option<String>,
   |     ^^^^^^^^^^^^^^^^^^^^^^^^^^^^^

warning: missing documentation for a struct field
  --> crates/client-core/src/client/types.rs:30:5
   |
30 |     pub remote_sdp: Option<String>,
   |     ^^^^^^^^^^^^^^^^^^^^^^^^^^^^^^

warning: missing documentation for a struct field
  --> crates/client-core/src/client/types.rs:31:5
   |
31 |     pub local_rtp_port: Option<u16>,
   |     ^^^^^^^^^^^^^^^^^^^^^^^^^^^^^^^

warning: missing documentation for a struct field
  --> crates/client-core/src/client/types.rs:32:5
   |
32 |     pub remote_rtp_port: Option<u16>,
   |     ^^^^^^^^^^^^^^^^^^^^^^^^^^^^^^^^

warning: missing documentation for a struct field
  --> crates/client-core/src/client/types.rs:33:5
   |
33 |     pub codec: Option<String>,
   |     ^^^^^^^^^^^^^^^^^^^^^^^^^

warning: missing documentation for a struct field
  --> crates/client-core/src/client/types.rs:34:5
   |
34 |     pub is_muted: bool,
   |     ^^^^^^^^^^^^^^^^^^

warning: missing documentation for a struct field
  --> crates/client-core/src/client/types.rs:35:5
   |
35 |     pub is_on_hold: bool,
   |     ^^^^^^^^^^^^^^^^^^^^

warning: missing documentation for a struct field
  --> crates/client-core/src/client/types.rs:36:5
   |
36 |     pub audio_direction: AudioDirection,
   |     ^^^^^^^^^^^^^^^^^^^^^^^^^^^^^^^^^^^

warning: missing documentation for a struct field
  --> crates/client-core/src/client/types.rs:37:5
   |
37 |     pub quality_metrics: Option<AudioQualityMetrics>,
   |     ^^^^^^^^^^^^^^^^^^^^^^^^^^^^^^^^^^^^^^^^^^^^^^^^

warning: missing documentation for a struct field
  --> crates/client-core/src/client/types.rs:43:5
   |
43 |     pub name: String,
   |     ^^^^^^^^^^^^^^^^

warning: missing documentation for a struct field
  --> crates/client-core/src/client/types.rs:44:5
   |
44 |     pub payload_type: u8,
   |     ^^^^^^^^^^^^^^^^^^^^

warning: missing documentation for a struct field
  --> crates/client-core/src/client/types.rs:45:5
   |
45 |     pub clock_rate: u32,
   |     ^^^^^^^^^^^^^^^^^^^

warning: missing documentation for a struct field
  --> crates/client-core/src/client/types.rs:46:5
   |
46 |     pub channels: u8,
   |     ^^^^^^^^^^^^^^^^

warning: missing documentation for a struct field
  --> crates/client-core/src/client/types.rs:47:5
   |
47 |     pub description: String,
   |     ^^^^^^^^^^^^^^^^^^^^^^^

warning: missing documentation for a struct field
  --> crates/client-core/src/client/types.rs:48:5
   |
48 |     pub quality_rating: u8, // 1-5 scale
   |     ^^^^^^^^^^^^^^^^^^^^^^

warning: missing documentation for a variant
  --> crates/client-core/src/client/types.rs:54:5
   |
54 |     SendReceive,
   |     ^^^^^^^^^^^

warning: missing documentation for a variant
  --> crates/client-core/src/client/types.rs:55:5
   |
55 |     SendOnly,
   |     ^^^^^^^^

warning: missing documentation for a variant
  --> crates/client-core/src/client/types.rs:56:5
   |
56 |     ReceiveOnly,
   |     ^^^^^^^^^^^

warning: missing documentation for a variant
  --> crates/client-core/src/client/types.rs:57:5
   |
57 |     Inactive,
   |     ^^^^^^^^

warning: missing documentation for a struct field
  --> crates/client-core/src/client/types.rs:63:5
   |
63 |     pub mos_score: Option<f32>,      // Mean Opinion Score (1.0-5.0)
   |     ^^^^^^^^^^^^^^^^^^^^^^^^^^

warning: missing documentation for a struct field
  --> crates/client-core/src/client/types.rs:64:5
   |
64 |     pub jitter_ms: Option<u32>,      // Jitter in milliseconds
   |     ^^^^^^^^^^^^^^^^^^^^^^^^^^

warning: missing documentation for a struct field
  --> crates/client-core/src/client/types.rs:65:5
   |
65 |     pub packet_loss_percent: Option<f32>, // Packet loss percentage
   |     ^^^^^^^^^^^^^^^^^^^^^^^^^^^^^^^^^^^^

warning: missing documentation for a struct field
  --> crates/client-core/src/client/types.rs:66:5
   |
66 |     pub round_trip_time_ms: Option<u32>,  // RTT in milliseconds
   |     ^^^^^^^^^^^^^^^^^^^^^^^^^^^^^^^^^^^

warning: missing documentation for a struct field
  --> crates/client-core/src/client/types.rs:67:5
   |
67 |     pub bitrate_kbps: Option<u32>,   // Current bitrate in kbps
   |     ^^^^^^^^^^^^^^^^^^^^^^^^^^^^^

warning: missing documentation for a struct field
  --> crates/client-core/src/client/types.rs:73:5
   |
73 |     pub supported_codecs: Vec<AudioCodecInfo>,
   |     ^^^^^^^^^^^^^^^^^^^^^^^^^^^^^^^^^^^^^^^^^

warning: missing documentation for a struct field
  --> crates/client-core/src/client/types.rs:74:5
   |
74 |     pub can_hold: bool,
   |     ^^^^^^^^^^^^^^^^^^

warning: missing documentation for a struct field
  --> crates/client-core/src/client/types.rs:75:5
   |
75 |     pub can_mute_microphone: bool,
   |     ^^^^^^^^^^^^^^^^^^^^^^^^^^^^^

warning: missing documentation for a struct field
  --> crates/client-core/src/client/types.rs:76:5
   |
76 |     pub can_mute_speaker: bool,
   |     ^^^^^^^^^^^^^^^^^^^^^^^^^^

warning: missing documentation for a struct field
  --> crates/client-core/src/client/types.rs:77:5
   |
77 |     pub can_send_dtmf: bool,
   |     ^^^^^^^^^^^^^^^^^^^^^^^

warning: missing documentation for a struct field
  --> crates/client-core/src/client/types.rs:78:5
   |
78 |     pub can_transfer: bool,
   |     ^^^^^^^^^^^^^^^^^^^^^^

warning: missing documentation for a struct field
  --> crates/client-core/src/client/types.rs:79:5
   |
79 |     pub supports_sdp_offer_answer: bool,
   |     ^^^^^^^^^^^^^^^^^^^^^^^^^^^^^^^^^^^

warning: missing documentation for a struct field
  --> crates/client-core/src/client/types.rs:80:5
   |
80 |     pub supports_rtp: bool,
   |     ^^^^^^^^^^^^^^^^^^^^^^

warning: missing documentation for a struct field
  --> crates/client-core/src/client/types.rs:81:5
   |
81 |     pub supports_rtcp: bool,
   |     ^^^^^^^^^^^^^^^^^^^^^^^

warning: missing documentation for a struct field
  --> crates/client-core/src/client/types.rs:82:5
   |
82 |     pub max_concurrent_calls: usize,
   |     ^^^^^^^^^^^^^^^^^^^^^^^^^^^^^^^

warning: missing documentation for a struct field
  --> crates/client-core/src/client/types.rs:83:5
   |
83 |     pub supported_media_types: Vec<String>, // "audio", "video"
   |     ^^^^^^^^^^^^^^^^^^^^^^^^^^^^^^^^^^^^^^

warning: missing documentation for a struct field
  --> crates/client-core/src/client/types.rs:89:5
   |
89 |     pub can_hold: bool,
   |     ^^^^^^^^^^^^^^^^^^

warning: missing documentation for a struct field
  --> crates/client-core/src/client/types.rs:90:5
   |
90 |     pub can_resume: bool,
   |     ^^^^^^^^^^^^^^^^^^^^

warning: missing documentation for a struct field
  --> crates/client-core/src/client/types.rs:91:5
   |
91 |     pub can_transfer: bool,
   |     ^^^^^^^^^^^^^^^^^^^^^^

warning: missing documentation for a struct field
  --> crates/client-core/src/client/types.rs:92:5
   |
92 |     pub can_send_dtmf: bool,
   |     ^^^^^^^^^^^^^^^^^^^^^^^

warning: missing documentation for a struct field
  --> crates/client-core/src/client/types.rs:93:5
   |
93 |     pub can_mute: bool,
   |     ^^^^^^^^^^^^^^^^^^

warning: missing documentation for a struct field
  --> crates/client-core/src/client/types.rs:94:5
   |
94 |     pub can_hangup: bool,
   |     ^^^^^^^^^^^^^^^^^^^^

warning: missing documentation for a struct field
   --> crates/client-core/src/client/types.rs:113:5
    |
113 |     pub call_id: CallId,
    |     ^^^^^^^^^^^^^^^^^^^

warning: missing documentation for a struct field
   --> crates/client-core/src/client/types.rs:114:5
    |
114 |     pub session_id: rvoip_session_core::api::types::SessionId,
    |     ^^^^^^^^^^^^^^^^^^^^^^^^^^^^^^^^^^^^^^^^^^^^^^^^^^^^^^^^^

warning: missing documentation for a struct field
   --> crates/client-core/src/client/types.rs:115:5
    |
115 |     pub media_session_id: String,
    |     ^^^^^^^^^^^^^^^^^^^^^^^^^^^^

warning: missing documentation for a struct field
   --> crates/client-core/src/client/types.rs:116:5
    |
116 |     pub local_rtp_port: Option<u16>,
    |     ^^^^^^^^^^^^^^^^^^^^^^^^^^^^^^^

warning: missing documentation for a struct field
   --> crates/client-core/src/client/types.rs:117:5
    |
117 |     pub remote_rtp_port: Option<u16>,
    |     ^^^^^^^^^^^^^^^^^^^^^^^^^^^^^^^^

warning: missing documentation for a struct field
   --> crates/client-core/src/client/types.rs:118:5
    |
118 |     pub codec: Option<String>,
    |     ^^^^^^^^^^^^^^^^^^^^^^^^^

warning: missing documentation for a struct field
   --> crates/client-core/src/client/types.rs:119:5
    |
119 |     pub media_direction: AudioDirection,
    |     ^^^^^^^^^^^^^^^^^^^^^^^^^^^^^^^^^^^

warning: missing documentation for a struct field
   --> crates/client-core/src/client/types.rs:120:5
    |
120 |     pub quality_metrics: Option<AudioQualityMetrics>,
    |     ^^^^^^^^^^^^^^^^^^^^^^^^^^^^^^^^^^^^^^^^^^^^^^^^

warning: missing documentation for a struct field
   --> crates/client-core/src/client/types.rs:121:5
    |
121 |     pub is_active: bool,
    |     ^^^^^^^^^^^^^^^^^^^

warning: missing documentation for a struct field
   --> crates/client-core/src/client/types.rs:122:5
    |
122 |     pub created_at: DateTime<Utc>,
    |     ^^^^^^^^^^^^^^^^^^^^^^^^^^^^^

warning: missing documentation for a struct field
   --> crates/client-core/src/client/types.rs:128:5
    |
128 |     pub call_id: CallId,
    |     ^^^^^^^^^^^^^^^^^^^

warning: missing documentation for a struct field
   --> crates/client-core/src/client/types.rs:129:5
    |
129 |     pub negotiated_codec: Option<String>,
    |     ^^^^^^^^^^^^^^^^^^^^^^^^^^^^^^^^^^^^

warning: missing documentation for a struct field
   --> crates/client-core/src/client/types.rs:130:5
    |
130 |     pub local_rtp_port: Option<u16>,
    |     ^^^^^^^^^^^^^^^^^^^^^^^^^^^^^^^

warning: missing documentation for a struct field
   --> crates/client-core/src/client/types.rs:131:5
    |
131 |     pub remote_rtp_port: Option<u16>,
    |     ^^^^^^^^^^^^^^^^^^^^^^^^^^^^^^^^

warning: missing documentation for a struct field
   --> crates/client-core/src/client/types.rs:132:5
    |
132 |     pub audio_direction: AudioDirection,
    |     ^^^^^^^^^^^^^^^^^^^^^^^^^^^^^^^^^^^

warning: missing documentation for a struct field
   --> crates/client-core/src/client/types.rs:133:5
    |
133 |     pub local_sdp: String,
    |     ^^^^^^^^^^^^^^^^^^^^^

warning: missing documentation for a struct field
   --> crates/client-core/src/client/types.rs:134:5
    |
134 |     pub remote_sdp: String,
    |     ^^^^^^^^^^^^^^^^^^^^^^

warning: missing documentation for a struct field
   --> crates/client-core/src/client/types.rs:135:5
    |
135 |     pub negotiated_at: DateTime<Utc>,
    |     ^^^^^^^^^^^^^^^^^^^^^^^^^^^^^^^^

warning: missing documentation for a struct field
   --> crates/client-core/src/client/types.rs:136:5
    |
136 |     pub supports_dtmf: bool,
    |     ^^^^^^^^^^^^^^^^^^^^^^^

warning: missing documentation for a struct field
   --> crates/client-core/src/client/types.rs:137:5
    |
137 |     pub supports_hold: bool,
    |     ^^^^^^^^^^^^^^^^^^^^^^^

warning: missing documentation for a struct field
   --> crates/client-core/src/client/types.rs:138:5
    |
138 |     pub bandwidth_kbps: Option<u32>,
    |     ^^^^^^^^^^^^^^^^^^^^^^^^^^^^^^^

warning: missing documentation for a struct field
   --> crates/client-core/src/client/types.rs:139:5
    |
139 |     pub encryption_enabled: bool,
    |     ^^^^^^^^^^^^^^^^^^^^^^^^^^^^

warning: missing documentation for a struct field
   --> crates/client-core/src/client/types.rs:145:5
    |
145 |     pub basic_capabilities: MediaCapabilities,
    |     ^^^^^^^^^^^^^^^^^^^^^^^^^^^^^^^^^^^^^^^^^

warning: missing documentation for a struct field
   --> crates/client-core/src/client/types.rs:146:5
    |
146 |     pub supports_sdp_offer_answer: bool,
    |     ^^^^^^^^^^^^^^^^^^^^^^^^^^^^^^^^^^^

warning: missing documentation for a struct field
   --> crates/client-core/src/client/types.rs:147:5
    |
147 |     pub supports_media_session_lifecycle: bool,
    |     ^^^^^^^^^^^^^^^^^^^^^^^^^^^^^^^^^^^^^^^^^^

warning: missing documentation for a struct field
   --> crates/client-core/src/client/types.rs:148:5
    |
148 |     pub supports_sdp_renegotiation: bool,
    |     ^^^^^^^^^^^^^^^^^^^^^^^^^^^^^^^^^^^^

warning: missing documentation for a struct field
   --> crates/client-core/src/client/types.rs:149:5
    |
149 |     pub supports_early_media: bool,
    |     ^^^^^^^^^^^^^^^^^^^^^^^^^^^^^^

warning: missing documentation for a struct field
   --> crates/client-core/src/client/types.rs:150:5
    |
150 |     pub supports_media_session_updates: bool,
    |     ^^^^^^^^^^^^^^^^^^^^^^^^^^^^^^^^^^^^^^^^

warning: missing documentation for a struct field
   --> crates/client-core/src/client/types.rs:151:5
    |
151 |     pub supports_codec_negotiation: bool,
    |     ^^^^^^^^^^^^^^^^^^^^^^^^^^^^^^^^^^^^

warning: missing documentation for a struct field
   --> crates/client-core/src/client/types.rs:152:5
    |
152 |     pub supports_bandwidth_management: bool,
    |     ^^^^^^^^^^^^^^^^^^^^^^^^^^^^^^^^^^^^^^^

warning: missing documentation for a struct field
   --> crates/client-core/src/client/types.rs:153:5
    |
153 |     pub supports_encryption: bool,
    |     ^^^^^^^^^^^^^^^^^^^^^^^^^^^^^

warning: missing documentation for a struct field
   --> crates/client-core/src/client/types.rs:154:5
    |
154 |     pub supported_sdp_version: String,
    |     ^^^^^^^^^^^^^^^^^^^^^^^^^^^^^^^^^

warning: missing documentation for a struct field
   --> crates/client-core/src/client/types.rs:155:5
    |
155 |     pub max_media_sessions: usize,
    |     ^^^^^^^^^^^^^^^^^^^^^^^^^^^^^

warning: missing documentation for a struct field
   --> crates/client-core/src/client/types.rs:156:5
    |
156 |     pub preferred_rtp_port_range: (u16, u16),
    |     ^^^^^^^^^^^^^^^^^^^^^^^^^^^^^^^^^^^^^^^^

warning: missing documentation for a struct field
   --> crates/client-core/src/client/types.rs:157:5
    |
157 |     pub supported_transport_protocols: Vec<String>,
    |     ^^^^^^^^^^^^^^^^^^^^^^^^^^^^^^^^^^^^^^^^^^^^^^

warning: missing documentation for a struct field
   --> crates/client-core/src/call.rs:106:5
    |
106 |     pub total_active_calls: usize,
    |     ^^^^^^^^^^^^^^^^^^^^^^^^^^^^^

warning: missing documentation for a struct field
   --> crates/client-core/src/call.rs:107:5
    |
107 |     pub connected_calls: usize,
    |     ^^^^^^^^^^^^^^^^^^^^^^^^^^

warning: missing documentation for a struct field
   --> crates/client-core/src/call.rs:108:5
    |
108 |     pub incoming_pending_calls: usize,
    |     ^^^^^^^^^^^^^^^^^^^^^^^^^^^^^^^^^

warning: missing documentation for a struct field
   --> crates/client-core/src/registration.rs:138:5
    |
138 |     pub total_registrations: usize,
    |     ^^^^^^^^^^^^^^^^^^^^^^^^^^^^^^

warning: missing documentation for a struct field
   --> crates/client-core/src/registration.rs:139:5
    |
139 |     pub active_registrations: usize,
    |     ^^^^^^^^^^^^^^^^^^^^^^^^^^^^^^^

warning: missing documentation for a struct field
   --> crates/client-core/src/registration.rs:140:5
    |
140 |     pub failed_registrations: usize,
    |     ^^^^^^^^^^^^^^^^^^^^^^^^^^^^^^^

warning: missing documentation for a variant
  --> crates/client-core/src/events.rs:75:5
   |
75 |     MicrophoneStateChanged { muted: bool },
   |     ^^^^^^^^^^^^^^^^^^^^^^

warning: missing documentation for a struct field
  --> crates/client-core/src/events.rs:75:30
   |
75 |     MicrophoneStateChanged { muted: bool },
   |                              ^^^^^^^^^^^

warning: missing documentation for a variant
  --> crates/client-core/src/events.rs:76:5
   |
76 |     SpeakerStateChanged { muted: bool },
   |     ^^^^^^^^^^^^^^^^^^^

warning: missing documentation for a struct field
  --> crates/client-core/src/events.rs:76:27
   |
76 |     SpeakerStateChanged { muted: bool },
   |                           ^^^^^^^^^^^

warning: missing documentation for a variant
  --> crates/client-core/src/events.rs:77:5
   |
77 |     AudioStarted,
   |     ^^^^^^^^^^^^

warning: missing documentation for a variant
  --> crates/client-core/src/events.rs:78:5
   |
78 |     AudioStopped,
   |     ^^^^^^^^^^^^

warning: missing documentation for a variant
  --> crates/client-core/src/events.rs:79:5
   |
79 |     HoldStateChanged { on_hold: bool },
   |     ^^^^^^^^^^^^^^^^

warning: missing documentation for a struct field
  --> crates/client-core/src/events.rs:79:24
   |
79 |     HoldStateChanged { on_hold: bool },
   |                        ^^^^^^^^^^^^^

warning: missing documentation for a variant
  --> crates/client-core/src/events.rs:80:5
   |
80 |     DtmfSent { digits: String },
   |     ^^^^^^^^

warning: missing documentation for a struct field
  --> crates/client-core/src/events.rs:80:16
   |
80 |     DtmfSent { digits: String },
   |                ^^^^^^^^^^^^^^

warning: missing documentation for a variant
  --> crates/client-core/src/events.rs:81:5
   |
81 |     TransferInitiated { target: String, transfer_type: String },
   |     ^^^^^^^^^^^^^^^^^

warning: missing documentation for a struct field
  --> crates/client-core/src/events.rs:81:25
   |
81 |     TransferInitiated { target: String, transfer_type: String },
   |                         ^^^^^^^^^^^^^^

warning: missing documentation for a struct field
  --> crates/client-core/src/events.rs:81:41
   |
81 |     TransferInitiated { target: String, transfer_type: String },
   |                                         ^^^^^^^^^^^^^^^^^^^^^

warning: missing documentation for a variant
  --> crates/client-core/src/events.rs:84:5
   |
84 |     SdpOfferGenerated { sdp_size: usize },
   |     ^^^^^^^^^^^^^^^^^

warning: missing documentation for a struct field
  --> crates/client-core/src/events.rs:84:25
   |
84 |     SdpOfferGenerated { sdp_size: usize },
   |                         ^^^^^^^^^^^^^^^

warning: missing documentation for a variant
  --> crates/client-core/src/events.rs:85:5
   |
85 |     SdpAnswerProcessed { sdp_size: usize },
   |     ^^^^^^^^^^^^^^^^^^

warning: missing documentation for a struct field
  --> crates/client-core/src/events.rs:85:26
   |
85 |     SdpAnswerProcessed { sdp_size: usize },
   |                          ^^^^^^^^^^^^^^^

warning: missing documentation for a variant
  --> crates/client-core/src/events.rs:86:5
   |
86 |     MediaSessionStarted { media_session_id: String },
   |     ^^^^^^^^^^^^^^^^^^^

warning: missing documentation for a struct field
  --> crates/client-core/src/events.rs:86:27
   |
86 |     MediaSessionStarted { media_session_id: String },
   |                           ^^^^^^^^^^^^^^^^^^^^^^^^

warning: missing documentation for a variant
  --> crates/client-core/src/events.rs:87:5
   |
87 |     MediaSessionStopped,
   |     ^^^^^^^^^^^^^^^^^^^

warning: missing documentation for a variant
  --> crates/client-core/src/events.rs:88:5
   |
88 |     MediaSessionUpdated { sdp_size: usize },
   |     ^^^^^^^^^^^^^^^^^^^

warning: missing documentation for a struct field
  --> crates/client-core/src/events.rs:88:27
   |
88 |     MediaSessionUpdated { sdp_size: usize },
   |                           ^^^^^^^^^^^^^^^

warning: missing documentation for a variant
  --> crates/client-core/src/events.rs:91:5
   |
91 |     QualityChanged { mos_score_x100: u32 }, // MOS score * 100 (e.g., 425 = 4.25)
   |     ^^^^^^^^^^^^^^

warning: missing documentation for a struct field
  --> crates/client-core/src/events.rs:91:22
   |
91 |     QualityChanged { mos_score_x100: u32 }, // MOS score * 100 (e.g., 425 = 4.25)
   |                      ^^^^^^^^^^^^^^^^^^^

warning: missing documentation for a variant
  --> crates/client-core/src/events.rs:92:5
   |
92 |     PacketLoss { percentage_x100: u32 }, // Percentage * 100 (e.g., 150 = 1.5%)
   |     ^^^^^^^^^^

warning: missing documentation for a struct field
  --> crates/client-core/src/events.rs:92:18
   |
92 |     PacketLoss { percentage_x100: u32 }, // Percentage * 100 (e.g., 150 = 1.5%)
   |                  ^^^^^^^^^^^^^^^^^^^^

warning: missing documentation for a variant
  --> crates/client-core/src/events.rs:93:5
   |
93 |     JitterChanged { jitter_ms: u32 },
   |     ^^^^^^^^^^^^^

warning: missing documentation for a struct field
  --> crates/client-core/src/events.rs:93:21
   |
93 |     JitterChanged { jitter_ms: u32 },
   |                     ^^^^^^^^^^^^^^

warning: missing documentation for a struct field
   --> crates/client-core/src/events.rs:142:9
    |
142 |         info: IncomingCallInfo,
    |         ^^^^^^^^^^^^^^^^^^^^^^

warning: missing documentation for a struct field
   --> crates/client-core/src/events.rs:143:9
    |
143 |         priority: EventPriority,
    |         ^^^^^^^^^^^^^^^^^^^^^^^

warning: missing documentation for a struct field
   --> crates/client-core/src/events.rs:154:9
    |
154 |         info: MediaEventInfo,
    |         ^^^^^^^^^^^^^^^^^^^^

warning: missing documentation for a struct field
   --> crates/client-core/src/events.rs:155:9
    |
155 |         priority: EventPriority,
    |         ^^^^^^^^^^^^^^^^^^^^^^^

warning: missing documentation for a struct field
   --> crates/client-core/src/events.rs:159:9
    |
159 |         info: RegistrationStatusInfo,
    |         ^^^^^^^^^^^^^^^^^^^^^^^^^^^^

warning: missing documentation for a struct field
   --> crates/client-core/src/events.rs:160:9
    |
160 |         priority: EventPriority,
    |         ^^^^^^^^^^^^^^^^^^^^^^^

warning: missing documentation for a struct field
   --> crates/client-core/src/events.rs:164:9
    |
164 |         error: crate::ClientError,
    |         ^^^^^^^^^^^^^^^^^^^^^^^^^

warning: missing documentation for a struct field
   --> crates/client-core/src/events.rs:165:9
    |
165 |         call_id: Option<CallId>,
    |         ^^^^^^^^^^^^^^^^^^^^^^^

warning: missing documentation for a struct field
   --> crates/client-core/src/events.rs:166:9
    |
166 |         priority: EventPriority,
    |         ^^^^^^^^^^^^^^^^^^^^^^^

warning: missing documentation for a struct field
   --> crates/client-core/src/events.rs:170:9
    |
170 |         connected: bool,
    |         ^^^^^^^^^^^^^^^

warning: missing documentation for a struct field
   --> crates/client-core/src/events.rs:171:9
    |
171 |         reason: Option<String>,
    |         ^^^^^^^^^^^^^^^^^^^^^^

warning: missing documentation for a struct field
   --> crates/client-core/src/events.rs:172:9
    |
172 |         priority: EventPriority,
    |         ^^^^^^^^^^^^^^^^^^^^^^^

warning: missing documentation for a struct field
   --> crates/client-core/src/error.rs:263:26
    |
263 |     RegistrationFailed { reason: String },
    |                          ^^^^^^^^^^^^^^

warning: missing documentation for a variant
   --> crates/client-core/src/error.rs:266:5
    |
266 |     NotRegistered,
    |     ^^^^^^^^^^^^^

warning: missing documentation for a variant
   --> crates/client-core/src/error.rs:269:5
    |
269 |     RegistrationExpired,
    |     ^^^^^^^^^^^^^^^^^^^

warning: missing documentation for a variant
   --> crates/client-core/src/error.rs:272:5
    |
272 |     AuthenticationFailed { reason: String },
    |     ^^^^^^^^^^^^^^^^^^^^

warning: missing documentation for a struct field
   --> crates/client-core/src/error.rs:272:28
    |
272 |     AuthenticationFailed { reason: String },
    |                            ^^^^^^^^^^^^^^

warning: missing documentation for a struct field
   --> crates/client-core/src/error.rs:276:20
    |
276 |     CallNotFound { call_id: Uuid },
    |                    ^^^^^^^^^^^^^

warning: missing documentation for a variant
   --> crates/client-core/src/error.rs:279:5
    |
279 |     CallAlreadyExists { call_id: Uuid },
    |     ^^^^^^^^^^^^^^^^^

warning: missing documentation for a struct field
   --> crates/client-core/src/error.rs:279:25
    |
279 |     CallAlreadyExists { call_id: Uuid },
    |                         ^^^^^^^^^^^^^

warning: missing documentation for a variant
   --> crates/client-core/src/error.rs:282:5
    |
282 |     InvalidCallState { 
    |     ^^^^^^^^^^^^^^^^

warning: missing documentation for a struct field
   --> crates/client-core/src/error.rs:283:9
    |
283 |         call_id: Uuid, 
    |         ^^^^^^^^^^^^^

warning: missing documentation for a struct field
   --> crates/client-core/src/error.rs:284:9
    |
284 |         current_state: crate::call::CallState 
    |         ^^^^^^^^^^^^^^^^^^^^^^^^^^^^^^^^^^^^^

warning: missing documentation for a variant
   --> crates/client-core/src/error.rs:288:5
    |
288 |     InvalidCallStateGeneric { expected: String, actual: String },
    |     ^^^^^^^^^^^^^^^^^^^^^^^

warning: missing documentation for a struct field
   --> crates/client-core/src/error.rs:288:31
    |
288 |     InvalidCallStateGeneric { expected: String, actual: String },
    |                               ^^^^^^^^^^^^^^^^

warning: missing documentation for a struct field
   --> crates/client-core/src/error.rs:288:49
    |
288 |     InvalidCallStateGeneric { expected: String, actual: String },
    |                                                 ^^^^^^^^^^^^^^

warning: missing documentation for a variant
   --> crates/client-core/src/error.rs:291:5
    |
291 |     CallSetupFailed { reason: String },
    |     ^^^^^^^^^^^^^^^

warning: missing documentation for a struct field
   --> crates/client-core/src/error.rs:291:23
    |
291 |     CallSetupFailed { reason: String },
    |                       ^^^^^^^^^^^^^^

warning: missing documentation for a variant
   --> crates/client-core/src/error.rs:294:5
    |
294 |     CallTerminated { reason: String },
    |     ^^^^^^^^^^^^^^

warning: missing documentation for a struct field
   --> crates/client-core/src/error.rs:294:22
    |
294 |     CallTerminated { reason: String },
    |                      ^^^^^^^^^^^^^^

warning: missing documentation for a struct field
   --> crates/client-core/src/error.rs:298:30
    |
298 |     MediaNegotiationFailed { reason: String },
    |                              ^^^^^^^^^^^^^^

warning: missing documentation for a variant
   --> crates/client-core/src/error.rs:301:5
    |
301 |     MediaError { details: String },
    |     ^^^^^^^^^^

warning: missing documentation for a struct field
   --> crates/client-core/src/error.rs:301:18
    |
301 |     MediaError { details: String },
    |                  ^^^^^^^^^^^^^^^

warning: missing documentation for a variant
   --> crates/client-core/src/error.rs:304:5
    |
304 |     NoCompatibleCodecs,
    |     ^^^^^^^^^^^^^^^^^^

warning: missing documentation for a variant
   --> crates/client-core/src/error.rs:307:5
    |
307 |     AudioDeviceError { reason: String },
    |     ^^^^^^^^^^^^^^^^

warning: missing documentation for a struct field
   --> crates/client-core/src/error.rs:307:24
    |
307 |     AudioDeviceError { reason: String },
    |                        ^^^^^^^^^^^^^^

warning: missing documentation for a struct field
   --> crates/client-core/src/error.rs:311:20
    |
311 |     NetworkError { reason: String },
    |                    ^^^^^^^^^^^^^^

warning: missing documentation for a variant
   --> crates/client-core/src/error.rs:314:5
    |
314 |     ConnectionTimeout,
    |     ^^^^^^^^^^^^^^^^^

warning: missing documentation for a variant
   --> crates/client-core/src/error.rs:317:5
    |
317 |     ServerUnreachable { server: String },
    |     ^^^^^^^^^^^^^^^^^

warning: missing documentation for a struct field
   --> crates/client-core/src/error.rs:317:25
    |
317 |     ServerUnreachable { server: String },
    |                         ^^^^^^^^^^^^^^

warning: missing documentation for a struct field
   --> crates/client-core/src/error.rs:321:21
    |
321 |     ProtocolError { reason: String },
    |                     ^^^^^^^^^^^^^^

warning: missing documentation for a variant
   --> crates/client-core/src/error.rs:324:5
    |
324 |     InvalidSipMessage { reason: String },
    |     ^^^^^^^^^^^^^^^^^

warning: missing documentation for a struct field
   --> crates/client-core/src/error.rs:324:25
    |
324 |     InvalidSipMessage { reason: String },
    |                         ^^^^^^^^^^^^^^

warning: missing documentation for a variant
   --> crates/client-core/src/error.rs:327:5
    |
327 |     ProtocolVersionMismatch { expected: String, actual: String },
    |     ^^^^^^^^^^^^^^^^^^^^^^^

warning: missing documentation for a struct field
   --> crates/client-core/src/error.rs:327:31
    |
327 |     ProtocolVersionMismatch { expected: String, actual: String },
    |                               ^^^^^^^^^^^^^^^^

warning: missing documentation for a struct field
   --> crates/client-core/src/error.rs:327:49
    |
327 |     ProtocolVersionMismatch { expected: String, actual: String },
    |                                                 ^^^^^^^^^^^^^^

warning: missing documentation for a struct field
   --> crates/client-core/src/error.rs:331:28
    |
331 |     InvalidConfiguration { field: String, reason: String },
    |                            ^^^^^^^^^^^^^

warning: missing documentation for a struct field
   --> crates/client-core/src/error.rs:331:43
    |
331 |     InvalidConfiguration { field: String, reason: String },
    |                                           ^^^^^^^^^^^^^^

warning: missing documentation for a variant
   --> crates/client-core/src/error.rs:334:5
    |
334 |     MissingConfiguration { field: String },
    |     ^^^^^^^^^^^^^^^^^^^^

warning: missing documentation for a struct field
   --> crates/client-core/src/error.rs:334:28
    |
334 |     MissingConfiguration { field: String },
    |                            ^^^^^^^^^^^^^

warning: missing documentation for a struct field
   --> crates/client-core/src/error.rs:338:23
    |
338 |     TransportFailed { reason: String },
    |                       ^^^^^^^^^^^^^^

warning: missing documentation for a variant
   --> crates/client-core/src/error.rs:341:5
    |
341 |     TransportNotAvailable { transport_type: String },
    |     ^^^^^^^^^^^^^^^^^^^^^

warning: missing documentation for a struct field
   --> crates/client-core/src/error.rs:341:29
    |
341 |     TransportNotAvailable { transport_type: String },
    |                             ^^^^^^^^^^^^^^^^^^^^^^

warning: missing documentation for a struct field
   --> crates/client-core/src/error.rs:345:27
    |
345 |     SessionManagerError { reason: String },
    |                           ^^^^^^^^^^^^^^

warning: missing documentation for a variant
   --> crates/client-core/src/error.rs:348:5
    |
348 |     TooManySessions { limit: usize },
    |     ^^^^^^^^^^^^^^^

warning: missing documentation for a struct field
   --> crates/client-core/src/error.rs:348:23
    |
348 |     TooManySessions { limit: usize },
    |                       ^^^^^^^^^^^^

warning: missing documentation for a struct field
   --> crates/client-core/src/error.rs:352:21
    |
352 |     InternalError { message: String },
    |                     ^^^^^^^^^^^^^^^

warning: missing documentation for a variant
   --> crates/client-core/src/error.rs:355:5
    |
355 |     OperationTimeout { duration_ms: u64 },
    |     ^^^^^^^^^^^^^^^^

warning: missing documentation for a struct field
   --> crates/client-core/src/error.rs:355:24
    |
355 |     OperationTimeout { duration_ms: u64 },
    |                        ^^^^^^^^^^^^^^^^

warning: missing documentation for a variant
   --> crates/client-core/src/error.rs:358:5
    |
358 |     NotImplemented { feature: String, reason: String },
    |     ^^^^^^^^^^^^^^

warning: missing documentation for a struct field
   --> crates/client-core/src/error.rs:358:22
    |
358 |     NotImplemented { feature: String, reason: String },
    |                      ^^^^^^^^^^^^^^^

warning: missing documentation for a struct field
   --> crates/client-core/src/error.rs:358:39
    |
358 |     NotImplemented { feature: String, reason: String },
    |                                       ^^^^^^^^^^^^^^

warning: missing documentation for a variant
   --> crates/client-core/src/error.rs:361:5
    |
361 |     PermissionDenied { operation: String },
    |     ^^^^^^^^^^^^^^^^

warning: missing documentation for a struct field
   --> crates/client-core/src/error.rs:361:24
    |
361 |     PermissionDenied { operation: String },
    |                        ^^^^^^^^^^^^^^^^^

warning: missing documentation for a variant
   --> crates/client-core/src/error.rs:364:5
    |
364 |     ResourceUnavailable { resource: String },
    |     ^^^^^^^^^^^^^^^^^^^

warning: missing documentation for a struct field
   --> crates/client-core/src/error.rs:364:27
    |
364 |     ResourceUnavailable { resource: String },
    |                           ^^^^^^^^^^^^^^^^

warning: missing documentation for a struct field
   --> crates/client-core/src/error.rs:368:24
    |
368 |     UnsupportedCodec { codec: String },
    |                        ^^^^^^^^^^^^^

warning: missing documentation for a variant
   --> crates/client-core/src/error.rs:371:5
    |
371 |     CodecError { reason: String },
    |     ^^^^^^^^^^

warning: missing documentation for a struct field
   --> crates/client-core/src/error.rs:371:18
    |
371 |     CodecError { reason: String },
    |                  ^^^^^^^^^^^^^^

warning: missing documentation for a struct field
   --> crates/client-core/src/error.rs:375:28
    |
375 |     ExternalServiceError { service: String, reason: String },
    |                            ^^^^^^^^^^^^^^^

warning: missing documentation for a struct field
   --> crates/client-core/src/error.rs:375:45
    |
375 |     ExternalServiceError { service: String, reason: String },
    |                                             ^^^^^^^^^^^^^^

warning: `rvoip-client-core` (lib) generated 211 warnings (run `cargo fix --lib -p rvoip-client-core` to apply 2 suggestions)
    Finished `release` profile [optimized] target(s) in 0.23s
     Running `target/release/examples/sipp_integration_sip_test_server 5060 20000 auto`
[2m2025-06-19T03:28:11.221234Z[0m [32m INFO[0m 🚀 Starting SIP Test Server for SIPp Integration
[2m2025-06-19T03:28:11.221379Z[0m [32m INFO[0m ⚙️  Server configuration:
[2m2025-06-19T03:28:11.221393Z[0m [32m INFO[0m    📞 SIP Address: 0.0.0.0:5060
[2m2025-06-19T03:28:11.221406Z[0m [32m INFO[0m    🎵 Media Address: 0.0.0.0:20000
[2m2025-06-19T03:28:11.221415Z[0m [32m INFO[0m    🤖 User Agent: rvoip-sipp-test-server/1.0.0
[2m2025-06-19T03:28:11.221442Z[0m [32m INFO[0m    🎧 Codecs: ["PCMU", "PCMA"]
[2m2025-06-19T03:28:11.221513Z[0m [32m INFO[0m    🔄 Auto-answer: true
[2m2025-06-19T03:28:11.221633Z[0m [32m INFO[0m Creating UnifiedDialogApi with automatic transport setup in "Hybrid" mode
[2m2025-06-19T03:28:11.221840Z[0m [32m INFO[0m SIP UDP transport bound to 0.0.0.0:5060
[2m2025-06-19T03:28:11.221902Z[0m [32m INFO[0m Added UDP transport bound to 0.0.0.0:5060
[2m2025-06-19T03:28:11.222103Z[0m [32m INFO[0m Creating UnifiedDialogApi with global events in "Hybrid" mode
[2m2025-06-19T03:28:11.222118Z[0m [32m INFO[0m Creating UnifiedDialogManager with global events in "Hybrid" mode at 0.0.0.0:5060
[2m2025-06-19T03:28:11.222131Z[0m [32m INFO[0m Creating new DialogManager with global transaction events and local address 0.0.0.0:5060
[2m2025-06-19T03:28:11.222189Z[0m [32m INFO[0m 🔄 Starting global transaction event processor for dialog-core
[2m2025-06-19T03:28:11.222271Z[0m [32m INFO[0m Session event processor started
🔗 SETUP: Setting up session coordination with dialog-core
✅ SETUP: Session coordination setup complete
[2m2025-06-19T03:28:11.222301Z[0m [32m INFO[0m SessionCoordinator initialized on port 5060
🎬 SPAWN: Starting session coordination event loop
[2m2025-06-19T03:28:11.222379Z[0m [32m INFO[0m Starting UnifiedDialogApi
[2m2025-06-19T03:28:11.222393Z[0m [32m INFO[0m Starting UnifiedDialogManager in "Hybrid" mode
[2m2025-06-19T03:28:11.222377Z[0m [32m INFO[0m Starting main coordinator event loop
📡 EVENT LOOP: Session coordination event loop started
[2m2025-06-19T03:28:11.222404Z[0m [32m INFO[0m DialogManager starting
[2m2025-06-19T03:28:11.222447Z[0m [32m INFO[0m DialogManager started successfully
[2m2025-06-19T03:28:11.222453Z[0m [32m INFO[0m Hybrid mode active - from_uri: Some("sip:client@0.0.0.0"), domain: None, auto_auth: false, auto_options: false
[2m2025-06-19T03:28:11.222458Z[0m [32m INFO[0m UnifiedDialogManager started successfully
[2m2025-06-19T03:28:11.222465Z[0m [32m INFO[0m Cleanup manager started
[2m2025-06-19T03:28:11.222470Z[0m [32m INFO[0m SessionCoordinator started
[2m2025-06-19T03:28:11.222476Z[0m [32m INFO[0m ▶️  Starting SIP server...
[2m2025-06-19T03:28:11.222482Z[0m [32m INFO[0m Starting UnifiedDialogApi
[2m2025-06-19T03:28:11.222487Z[0m [32m INFO[0m Starting UnifiedDialogManager in "Hybrid" mode
[2m2025-06-19T03:28:11.222524Z[0m [32m INFO[0m DialogManager starting
[2m2025-06-19T03:28:11.222532Z[0m [32m INFO[0m DialogManager started successfully
[2m2025-06-19T03:28:11.222539Z[0m [32m INFO[0m Hybrid mode active - from_uri: Some("sip:client@0.0.0.0"), domain: None, auto_auth: false, auto_options: false
[2m2025-06-19T03:28:11.222549Z[0m [32m INFO[0m UnifiedDialogManager started successfully
[2m2025-06-19T03:28:11.222559Z[0m [32m INFO[0m SessionCoordinator started
[2m2025-06-19T03:28:11.222565Z[0m [32m INFO[0m ClientManager started on 0.0.0.0:5060
[2m2025-06-19T03:28:11.222576Z[0m [32m INFO[0m ✅ SIP Server ready!
[2m2025-06-19T03:28:11.222580Z[0m [32m INFO[0m    📍 Listening on SIP: 0.0.0.0:5060
[2m2025-06-19T03:28:11.222584Z[0m [32m INFO[0m    📍 Media port: 0.0.0.0:20000
[2m2025-06-19T03:28:11.222593Z[0m [32m INFO[0m    ⏳ Waiting for incoming calls from SIPp...
=== PARSING SIP MESSAGE ===
Input length: 510 bytes
Input as string: "INVITE sip:test@127.0.0.1:5060 SIP/2.0\r\nVia: SIP/2.0/UDP 127.0.0.1:5061;branch=z9hG4bK-70197-1-0\r\nFrom: sipp <sip:sipp@127.0.0.1:5061>;tag=70197SIPpTag001\r\nTo: test <sip:test@127.0.0.1:5060>\r\nCall-ID: 1-70197@127.0.0.1\r\nCSeq: 1 INVITE\r\nContact: sip:sipp@127.0.0.1:5061\r\nMax-Forwards: 70\r\nSubject: Simple Test Call\r\nContent-Type: application/sdp\r\nContent-Length:   139\r\n\r\nv=0\r\no=user1 53655765 2353687637 IN IP4 127.0.0.1\r\ns=Simple Test\r\nc=IN IP4 127.0.0.1\r\nt=0 0\r\nm=audio 6000 RTP/AVP 0\r\na=rtpmap:0 PCMU/8000\r\n"
Input as hex: [49, 4e, 56, 49, 54, 45, 20, 73, 69, 70, 3a, 74, 65, 73, 74, 40, 31, 32, 37, 2e, 30, 2e, 30, 2e, 31, 3a, 35, 30, 36, 30, 20, 53, 49, 50, 2f, 32, 2e, 30, 0d, 0a, 56, 69, 61, 3a, 20, 53, 49, 50, 2f, 32, 2e, 30, 2f, 55, 44, 50, 20, 31, 32, 37, 2e, 30, 2e, 30, 2e, 31, 3a, 35, 30, 36, 31, 3b, 62, 72, 61, 6e, 63, 68, 3d, 7a, 39, 68, 47, 34, 62, 4b, 2d, 37, 30, 31, 39, 37, 2d, 31, 2d, 30, 0d, 0a, 46, 72, 6f, 6d, 3a, 20, 73, 69, 70, 70, 20, 3c, 73, 69, 70, 3a, 73, 69, 70, 70, 40, 31, 32, 37, 2e, 30, 2e, 30, 2e, 31, 3a, 35, 30, 36, 31, 3e, 3b, 74, 61, 67, 3d, 37, 30, 31, 39, 37, 53, 49, 50, 70, 54, 61, 67, 30, 30, 31, 0d, 0a, 54, 6f, 3a, 20, 74, 65, 73, 74, 20, 3c, 73, 69, 70, 3a, 74, 65, 73, 74, 40, 31, 32, 37, 2e, 30, 2e, 30, 2e, 31, 3a, 35, 30, 36, 30, 3e, 0d, 0a, 43, 61, 6c, 6c, 2d, 49, 44, 3a, 20, 31, 2d, 37, 30, 31, 39, 37, 40, 31, 32, 37, 2e, 30, 2e, 30, 2e, 31, 0d, 0a, 43, 53, 65, 71, 3a, 20, 31, 20, 49, 4e, 56, 49, 54, 45, 0d, 0a, 43, 6f, 6e, 74, 61, 63, 74, 3a, 20, 73, 69, 70, 3a, 73, 69, 70, 70, 40, 31, 32, 37, 2e, 30, 2e, 30, 2e, 31, 3a, 35, 30, 36, 31, 0d, 0a, 4d, 61, 78, 2d, 46, 6f, 72, 77, 61, 72, 64, 73, 3a, 20, 37, 30, 0d, 0a, 53, 75, 62, 6a, 65, 63, 74, 3a, 20, 53, 69, 6d, 70, 6c, 65, 20, 54, 65, 73, 74, 20, 43, 61, 6c, 6c, 0d, 0a, 43, 6f, 6e, 74, 65, 6e, 74, 2d, 54, 79, 70, 65, 3a, 20, 61, 70, 70, 6c, 69, 63, 61, 74, 69, 6f, 6e, 2f, 73, 64, 70, 0d, 0a, 43, 6f, 6e, 74, 65, 6e, 74, 2d, 4c, 65, 6e, 67, 74, 68, 3a, 20, 20, 20, 31, 33, 39, 0d, 0a, 0d, 0a, 76, 3d, 30, 0d, 0a, 6f, 3d, 75, 73, 65, 72, 31, 20, 35, 33, 36, 35, 35, 37, 36, 35, 20, 32, 33, 35, 33, 36, 38, 37, 36, 33, 37, 20, 49, 4e, 20, 49, 50, 34, 20, 31, 32, 37, 2e, 30, 2e, 30, 2e, 31, 0d, 0a, 73, 3d, 53, 69, 6d, 70, 6c, 65, 20, 54, 65, 73, 74, 0d, 0a, 63, 3d, 49, 4e, 20, 49, 50, 34, 20, 31, 32, 37, 2e, 30, 2e, 30, 2e, 31, 0d, 0a, 74, 3d, 30, 20, 30, 0d, 0a, 6d, 3d, 61, 75, 64, 69, 6f, 20, 36, 30, 30, 30, 20, 52, 54, 50, 2f, 41, 56, 50, 20, 30, 0d, 0a, 61, 3d, 72, 74, 70, 6d, 61, 70, 3a, 30, 20, 50, 43, 4d, 55, 2f, 38, 30, 30, 30, 0d, 0a]
===========================
=== PARSE SUCCESS ===
Successfully parsed message
=====================
[2m2025-06-19T03:28:11.831341Z[0m [32m INFO[0m Created new ServerInviteTransaction [3mid[0m[2m=[0mKey(z9hG4bK-70197-1-0:INVITE:server) [3mmethod[0m[2m=[0mINVITE
Transaction loop starting for Key(z9hG4bK-70197-1-0:INVITE:server)
Initial state: Proceeding
🎯 FOUND UNASSOCIATED INVITE: Processing new incoming INVITE from 127.0.0.1:5061
🔍 INVITE HANDLER: Processing initial INVITE request from 127.0.0.1:5061
Received command: TransitionTo(Proceeding) for transaction Key(z9hG4bK-70197-1-0:INVITE:server)
Processing TransitionTo(Proceeding) current state: Proceeding
Already in requested state, no transition needed: Proceeding
[2m2025-06-19T03:28:11.831532Z[0m [32m INFO[0m Created early dialog 6cf643f6-e293-4285-97ec-3898b7438b04 from INVITE request
🔍 INVITE HANDLER: Created early dialog 6cf643f6-e293-4285-97ec-3898b7438b04
🔍 INVITE HANDLER: Associated transaction Key(z9hG4bK-70197-1-0:INVITE:server) with dialog 6cf643f6-e293-4285-97ec-3898b7438b04
🔍 INVITE HANDLER: About to send SessionCoordinationEvent::IncomingCall for dialog 6cf643f6-e293-4285-97ec-3898b7438b04
🔍 INVITE HANDLER: Successfully sent SessionCoordinationEvent::IncomingCall for dialog 6cf643f6-e293-4285-97ec-3898b7438b04
[2m2025-06-19T03:28:11.831560Z[0m [32m INFO[0m Initial INVITE processed, created dialog 6cf643f6-e293-4285-97ec-3898b7438b04
📨 EVENT LOOP: Received session coordination event in background task
🎪 SESSION COORDINATION: Received event: IncomingCall { dialog_id: DialogId(6cf643f6-e293-4285-97ec-3898b7438b04), transaction_id: z9hG4bK-70197-1-0:INVITE:server, request: Request { method: Invite, uri: Uri { scheme: Sip, user: Some("test"), password: None, host: Address(127.0.0.1), port: Some(5060), parameters: [], headers: {}, raw_uri: None }, version: Version { major: 2, minor: 0 }, headers: [Via(Via([ViaHeader { sent_protocol: SentProtocol { name: "SIP", version: "2.0", transport: "UDP" }, sent_by_host: Address(127.0.0.1), sent_by_port: Some(5061), params: [Branch("z9hG4bK-70197-1-0")] }])), From(From(Address { display_name: Some("sipp"), uri: Uri { scheme: Sip, user: Some("sipp"), password: None, host: Address(127.0.0.1), port: Some(5061), parameters: [], headers: {}, raw_uri: None }, params: [Tag("70197SIPpTag001")] })), To(To(Address { display_name: Some("test"), uri: Uri { scheme: Sip, user: Some("test"), password: None, host: Address(127.0.0.1), port: Some(5060), parameters: [], headers: {}, raw_uri: None }, params: [] })), CallId(CallId("1-70197@127.0.0.1")), CSeq(CSeq { seq: 1, method: Invite }), Contact(Contact([Params([ContactParamInfo { address: Address { display_name: None, uri: Uri { scheme: Sip, user: Some("sipp"), password: None, host: Address(127.0.0.1), port: Some(5061), parameters: [], headers: {}, raw_uri: None }, params: [] } }])])), MaxForwards(MaxForwards(70)), Subject(Subject("Simple Test Call")), ContentType(ContentType(ContentTypeValue { m_type: "application", m_subtype: "sdp", parameters: {} })), ContentLength(ContentLength(139))], body: b"v=0\r\no=user1 53655765 2353687637 IN IP4 127.0.0.1\r\ns=Simple Test\r\nc=IN IP4 127.0.0.1\r\nt=0 0\r\nm=audio 6000 RTP/AVP 0\r\na=rtpmap:0 PCMU/8000\r\n" }, source: 127.0.0.1:5061 }
[2m2025-06-19T03:28:11.831660Z[0m [32m INFO[0m handle_incoming_call called for dialog 6cf643f6-e293-4285-97ec-3898b7438b04
[2m2025-06-19T03:28:11.831670Z[0m [32m INFO[0m Incoming call from dialog 6cf643f6-e293-4285-97ec-3898b7438b04: sip:from@127.0.0.1 -> sip:to@local
[2m2025-06-19T03:28:11.831680Z[0m [32m INFO[0m Created session sess_5c7cd4dd-d813-4404-a782-96f58240a8da for incoming call dialog 6cf643f6-e293-4285-97ec-3898b7438b04
[2m2025-06-19T03:28:11.831689Z[0m [32m INFO[0m Calling handler.on_incoming_call for session sess_5c7cd4dd-d813-4404-a782-96f58240a8da
[2m2025-06-19T03:28:11.831702Z[0m [32m INFO[0m 📞 Incoming call from: sip:from@127.0.0.1 (Call-ID: 3cd79a2c-e107-4161-8d27-2e65769f93d9)
[2m2025-06-19T03:28:11.831706Z[0m [32m INFO[0m ✅ Auto-accepting incoming call
[2m2025-06-19T03:28:11.831711Z[0m [32m INFO[0m Handler decision for session sess_5c7cd4dd-d813-4404-a782-96f58240a8da: Accept(None)
[2m2025-06-19T03:28:11.831718Z[0m [32m INFO[0m Answering call 6cf643f6-e293-4285-97ec-3898b7438b04
🎯 COORDINATOR: Handling event: SessionCreated { session_id: SessionId("sess_5c7cd4dd-d813-4404-a782-96f58240a8da"), from: "sip:from@127.0.0.1", to: "sip:to@local", call_state: Ringing }
[2m2025-06-19T03:28:11.831781Z[0m [32m INFO[0m Sending response message to 127.0.0.1:5061
[2m2025-06-19T03:28:11.831824Z[0m [32m INFO[0m Session sess_5c7cd4dd-d813-4404-a782-96f58240a8da created with state Ringing
[2m2025-06-19T03:28:11.831860Z[0m [32m INFO[0m Dialog 6cf643f6-e293-4285-97ec-3898b7438b04 local tag set to match response: tag-eb9b343c279441c0be032d85e1456f38
[2m2025-06-19T03:28:11.831865Z[0m [32m INFO[0m Dialog 6cf643f6-e293-4285-97ec-3898b7438b04 transitioned to Confirmed state
[2m2025-06-19T03:28:11.831871Z[0m [32m INFO[0m Updated dialog lookup for confirmed dialog 6cf643f6-e293-4285-97ec-3898b7438b04
[2m2025-06-19T03:28:11.831875Z[0m [32m INFO[0m Successfully answered call 6cf643f6-e293-4285-97ec-3898b7438b04
[2m2025-06-19T03:28:11.831879Z[0m [32m INFO[0m Successfully answered incoming call for session sess_5c7cd4dd-d813-4404-a782-96f58240a8da
Received command: CancelTimer100 for transaction Key(z9hG4bK-70197-1-0:INVITE:server)
Received command: TransitionTo(Terminated) for transaction Key(z9hG4bK-70197-1-0:INVITE:server)
Processing TransitionTo(Terminated) current state: Proceeding
Valid state transition: Proceeding -> Terminated
State successfully changed to: Terminated
Sent StateChanged event result: Success
Transaction loop ending for Key(z9hG4bK-70197-1-0:INVITE:server). Final state: Terminated
=== PARSING SIP MESSAGE ===
Input length: 344 bytes
Input as string: "ACK sip:test@127.0.0.1:5060 SIP/2.0\r\nVia: SIP/2.0/UDP 127.0.0.1:5061;branch=z9hG4bK-70197-1-4\r\nFrom: sipp <sip:sipp@127.0.0.1:5061>;tag=70197SIPpTag001\r\nTo: test <sip:test@127.0.0.1:5060>;tag=tag-eb9b343c279441c0be032d85e1456f38\r\nCall-ID: 1-70197@127.0.0.1\r\nCSeq: 1 ACK\r\nContact: sip:sipp@127.0.0.1:5061\r\nMax-Forwards: 70\r\nContent-Length: 0\r\n\r\n"
Input as hex: [41, 43, 4b, 20, 73, 69, 70, 3a, 74, 65, 73, 74, 40, 31, 32, 37, 2e, 30, 2e, 30, 2e, 31, 3a, 35, 30, 36, 30, 20, 53, 49, 50, 2f, 32, 2e, 30, 0d, 0a, 56, 69, 61, 3a, 20, 53, 49, 50, 2f, 32, 2e, 30, 2f, 55, 44, 50, 20, 31, 32, 37, 2e, 30, 2e, 30, 2e, 31, 3a, 35, 30, 36, 31, 3b, 62, 72, 61, 6e, 63, 68, 3d, 7a, 39, 68, 47, 34, 62, 4b, 2d, 37, 30, 31, 39, 37, 2d, 31, 2d, 34, 0d, 0a, 46, 72, 6f, 6d, 3a, 20, 73, 69, 70, 70, 20, 3c, 73, 69, 70, 3a, 73, 69, 70, 70, 40, 31, 32, 37, 2e, 30, 2e, 30, 2e, 31, 3a, 35, 30, 36, 31, 3e, 3b, 74, 61, 67, 3d, 37, 30, 31, 39, 37, 53, 49, 50, 70, 54, 61, 67, 30, 30, 31, 0d, 0a, 54, 6f, 3a, 20, 74, 65, 73, 74, 20, 3c, 73, 69, 70, 3a, 74, 65, 73, 74, 40, 31, 32, 37, 2e, 30, 2e, 30, 2e, 31, 3a, 35, 30, 36, 30, 3e, 3b, 74, 61, 67, 3d, 74, 61, 67, 2d, 65, 62, 39, 62, 33, 34, 33, 63, 32, 37, 39, 34, 34, 31, 63, 30, 62, 65, 30, 33, 32, 64, 38, 35, 65, 31, 34, 35, 36, 66, 33, 38, 0d, 0a, 43, 61, 6c, 6c, 2d, 49, 44, 3a, 20, 31, 2d, 37, 30, 31, 39, 37, 40, 31, 32, 37, 2e, 30, 2e, 30, 2e, 31, 0d, 0a, 43, 53, 65, 71, 3a, 20, 31, 20, 41, 43, 4b, 0d, 0a, 43, 6f, 6e, 74, 61, 63, 74, 3a, 20, 73, 69, 70, 3a, 73, 69, 70, 70, 40, 31, 32, 37, 2e, 30, 2e, 30, 2e, 31, 3a, 35, 30, 36, 31, 0d, 0a, 4d, 61, 78, 2d, 46, 6f, 72, 77, 61, 72, 64, 73, 3a, 20, 37, 30, 0d, 0a, 43, 6f, 6e, 74, 65, 6e, 74, 2d, 4c, 65, 6e, 67, 74, 68, 3a, 20, 30, 0d, 0a, 0d, 0a]
===========================
Attempting to parse tag from: [116, 97, 103, 61, 116, 97, 103, 45, 101, 98, 57, 98, 51, 52, 51, 99, 50, 55, 57, 52, 52, 49, 99, 48, 98, 101, 48, 51, 50, 100, 56, 53, 101, 49, 52, 53, 54, 102, 51, 56]
Successfully parsed tag: tag-eb9b343c279441c0be032d85e1456f38
=== PARSE SUCCESS ===
Successfully parsed message
=====================
Parsed path: [Field("headers"), Field("From"), Field("params"), Index(0), Field("Tag")] from 'headers.From.params[0].Tag'
Processing segment Field("params") at index 2, current value: Object({"params": Array([Object({"Tag": String("70197SIPpTag001")})]), "uri": Object({"password": Null, "scheme": String("Sip"), "parameters": Array([]), "raw_uri": Null, "user": String("sipp"), "port": Number(5061.0), "headers": Object({}), "host": Object({"Address": String("127.0.0.1")})}), "display_name": String("sipp")})
Processing segment Index(0) at index 3, current value: Array([Object({"Tag": String("70197SIPpTag001")})])
Processing segment Field("Tag") at index 4, current value: Object({"Tag": String("70197SIPpTag001")})
Final value for path 'headers.From.params[0].Tag': String("70197SIPpTag001")
Parsed path: [Field("headers"), Field("From"), Field("params"), Index(0), Field("Tag")] from 'headers.From.params[0].Tag'
Processing segment Field("params") at index 2, current value: Object({"uri": Object({"scheme": String("Sip"), "user": String("sipp"), "host": Object({"Address": String("127.0.0.1")}), "raw_uri": Null, "parameters": Array([]), "headers": Object({}), "port": Number(5061.0), "password": Null}), "display_name": String("sipp"), "params": Array([Object({"Tag": String("70197SIPpTag001")})])})
Processing segment Index(0) at index 3, current value: Array([Object({"Tag": String("70197SIPpTag001")})])
Processing segment Field("Tag") at index 4, current value: Object({"Tag": String("70197SIPpTag001")})
Final value for path 'headers.From.params[0].Tag': String("70197SIPpTag001")
Parsed path: [Field("headers"), Field("To"), Field("params"), Index(0), Field("Tag")] from 'headers.To.params[0].Tag'
Processing segment Field("params") at index 2, current value: Object({"display_name": String("test"), "params": Array([]), "uri": Object({"password": Null, "port": Number(5060.0), "scheme": String("Sip"), "raw_uri": Null, "host": Object({"Address": String("127.0.0.1")}), "user": String("test"), "headers": Object({}), "parameters": Array([])})})
Processing segment Index(0) at index 3, current value: Array([])
Index 0 out of bounds for array of length 0
Parsed path: [Field("headers"), Field("To"), Field("params"), Index(0), Field("Tag")] from 'headers.To.params[0].Tag'
Processing segment Field("params") at index 2, current value: Object({"uri": Object({"headers": Object({}), "host": Object({"Address": String("127.0.0.1")}), "password": Null, "parameters": Array([]), "raw_uri": Null, "scheme": String("Sip"), "user": String("test"), "port": Number(5060.0)}), "display_name": String("test"), "params": Array([Object({"Tag": String("tag-eb9b343c279441c0be032d85e1456f38")})])})
Processing segment Index(0) at index 3, current value: Array([Object({"Tag": String("tag-eb9b343c279441c0be032d85e1456f38")})])
Processing segment Field("Tag") at index 4, current value: Object({"Tag": String("tag-eb9b343c279441c0be032d85e1456f38")})
Final value for path 'headers.To.params[0].Tag': String("tag-eb9b343c279441c0be032d85e1456f38")
[2m2025-06-19T03:28:11.835505Z[0m [32m INFO[0m ✅ RFC 3261: ACK received for transaction Key(z9hG4bK-70197-1-0:INVITE:server) in dialog 6cf643f6-e293-4285-97ec-3898b7438b04 - time to start media (UAS side)
📨 EVENT LOOP: Received session coordination event in background task
🎪 SESSION COORDINATION: Received event: AckReceived { dialog_id: DialogId(6cf643f6-e293-4285-97ec-3898b7438b04), transaction_id: z9hG4bK-70197-1-0:INVITE:server, negotiated_sdp: None }
[2m2025-06-19T03:28:11.835539Z[0m [32m INFO[0m ✅ RFC 3261: ACK RECEIVED for session sess_5c7cd4dd-d813-4404-a782-96f58240a8da - creating media session (UAS side)
🎯 COORDINATOR: Handling event: MediaEvent { session_id: SessionId("sess_5c7cd4dd-d813-4404-a782-96f58240a8da"), event: "rfc_compliant_media_creation_uas" }
[2m2025-06-19T03:28:11.835550Z[0m [32m INFO[0m Media creation event for sess_5c7cd4dd-d813-4404-a782-96f58240a8da: rfc_compliant_media_creation_uas
🎯 COORDINATOR: Handling event: StateChanged { session_id: SessionId("sess_5c7cd4dd-d813-4404-a782-96f58240a8da"), old_state: Ringing, new_state: Active }
[2m2025-06-19T03:28:11.835558Z[0m [32m INFO[0m Session sess_5c7cd4dd-d813-4404-a782-96f58240a8da state changed: Ringing -> Active
[2m2025-06-19T03:28:11.835565Z[0m [32m INFO[0m Starting media session for dialog: media-sess_5c7cd4dd-d813-4404-a782-96f58240a8da
[2m2025-06-19T03:28:11.835585Z[0m [32m INFO[0m Created global port allocator with range 16384-32767
[2m2025-06-19T03:28:12.225204Z[0m [32m INFO[0m 📊 Active calls: 1
[2m2025-06-19T03:28:12.225302Z[0m [32m INFO[0m 📊 Server Stats: Total=1, Active=1, Connected=0
[2m2025-06-19T03:28:12.840278Z[0m [32m INFO[0m Started UDP transport receiver tasks
[2m2025-06-19T03:28:12.840389Z[0m [32m INFO[0m Started RTP session with SSRC=1c2fa6a4
[2m2025-06-19T03:28:12.840407Z[0m [32m INFO[0m ✅ Created media session with REAL RTP session: media-sess_5c7cd4dd-d813-4404-a782-96f58240a8da (port: 24347)
[2m2025-06-19T03:28:12.840426Z[0m [32m INFO[0m ✅ Created media session: media-sess_5c7cd4dd-d813-4404-a782-96f58240a8da for SIP session: sess_5c7cd4dd-d813-4404-a782-96f58240a8da with real MediaSessionController + zero-copy enabled
[2m2025-06-19T03:28:12.840437Z[0m [32m INFO[0m Media session created and mapped for SIP session: sess_5c7cd4dd-d813-4404-a782-96f58240a8da
[2m2025-06-19T03:28:12.840449Z[0m [32m INFO[0m Media info available: true
[2m2025-06-19T03:28:12.840454Z[0m [32m INFO[0m Local SDP length: None
[2m2025-06-19T03:28:12.840459Z[0m [32m INFO[0m Remote SDP length: None
[2m2025-06-19T03:28:12.840464Z[0m [32m INFO[0m Notifying handler about call sess_5c7cd4dd-d813-4404-a782-96f58240a8da establishment
[2m2025-06-19T03:28:12.840482Z[0m [32m INFO[0m 📞 Call 3cd79a2c-e107-4161-8d27-2e65769f93d9 state changed: "Proceeding" -> Connected
[2m2025-06-19T03:28:12.840491Z[0m [32m INFO[0m 💬 Reason: Call established
[2m2025-06-19T03:28:12.840496Z[0m [32m INFO[0m Call 3cd79a2c-e107-4161-8d27-2e65769f93d9 established with SDP exchange
[2m2025-06-19T03:28:13.226784Z[0m [32m INFO[0m 📊 Server Stats: Total=1, Active=1, Connected=1
=== PARSING SIP MESSAGE ===
Input length: 344 bytes
Input as string: "BYE sip:test@127.0.0.1:5060 SIP/2.0\r\nVia: SIP/2.0/UDP 127.0.0.1:5061;branch=z9hG4bK-70197-1-6\r\nFrom: sipp <sip:sipp@127.0.0.1:5061>;tag=70197SIPpTag001\r\nTo: test <sip:test@127.0.0.1:5060>;tag=tag-eb9b343c279441c0be032d85e1456f38\r\nCall-ID: 1-70197@127.0.0.1\r\nCSeq: 2 BYE\r\nContact: sip:sipp@127.0.0.1:5061\r\nMax-Forwards: 70\r\nContent-Length: 0\r\n\r\n"
Input as hex: [42, 59, 45, 20, 73, 69, 70, 3a, 74, 65, 73, 74, 40, 31, 32, 37, 2e, 30, 2e, 30, 2e, 31, 3a, 35, 30, 36, 30, 20, 53, 49, 50, 2f, 32, 2e, 30, 0d, 0a, 56, 69, 61, 3a, 20, 53, 49, 50, 2f, 32, 2e, 30, 2f, 55, 44, 50, 20, 31, 32, 37, 2e, 30, 2e, 30, 2e, 31, 3a, 35, 30, 36, 31, 3b, 62, 72, 61, 6e, 63, 68, 3d, 7a, 39, 68, 47, 34, 62, 4b, 2d, 37, 30, 31, 39, 37, 2d, 31, 2d, 36, 0d, 0a, 46, 72, 6f, 6d, 3a, 20, 73, 69, 70, 70, 20, 3c, 73, 69, 70, 3a, 73, 69, 70, 70, 40, 31, 32, 37, 2e, 30, 2e, 30, 2e, 31, 3a, 35, 30, 36, 31, 3e, 3b, 74, 61, 67, 3d, 37, 30, 31, 39, 37, 53, 49, 50, 70, 54, 61, 67, 30, 30, 31, 0d, 0a, 54, 6f, 3a, 20, 74, 65, 73, 74, 20, 3c, 73, 69, 70, 3a, 74, 65, 73, 74, 40, 31, 32, 37, 2e, 30, 2e, 30, 2e, 31, 3a, 35, 30, 36, 30, 3e, 3b, 74, 61, 67, 3d, 74, 61, 67, 2d, 65, 62, 39, 62, 33, 34, 33, 63, 32, 37, 39, 34, 34, 31, 63, 30, 62, 65, 30, 33, 32, 64, 38, 35, 65, 31, 34, 35, 36, 66, 33, 38, 0d, 0a, 43, 61, 6c, 6c, 2d, 49, 44, 3a, 20, 31, 2d, 37, 30, 31, 39, 37, 40, 31, 32, 37, 2e, 30, 2e, 30, 2e, 31, 0d, 0a, 43, 53, 65, 71, 3a, 20, 32, 20, 42, 59, 45, 0d, 0a, 43, 6f, 6e, 74, 61, 63, 74, 3a, 20, 73, 69, 70, 3a, 73, 69, 70, 70, 40, 31, 32, 37, 2e, 30, 2e, 30, 2e, 31, 3a, 35, 30, 36, 31, 0d, 0a, 4d, 61, 78, 2d, 46, 6f, 72, 77, 61, 72, 64, 73, 3a, 20, 37, 30, 0d, 0a, 43, 6f, 6e, 74, 65, 6e, 74, 2d, 4c, 65, 6e, 67, 74, 68, 3a, 20, 30, 0d, 0a, 0d, 0a]
===========================
Attempting to parse tag from: [116, 97, 103, 61, 116, 97, 103, 45, 101, 98, 57, 98, 51, 52, 51, 99, 50, 55, 57, 52, 52, 49, 99, 48, 98, 101, 48, 51, 50, 100, 56, 53, 101, 49, 52, 53, 54, 102, 51, 56]
Successfully parsed tag: tag-eb9b343c279441c0be032d85e1456f38
=== PARSE SUCCESS ===
Successfully parsed message
=====================
[2m2025-06-19T03:28:13.837266Z[0m [32m INFO[0m Created new ServerNonInviteTransaction [3mid[0m[2m=[0mKey(z9hG4bK-70197-1-6:BYE:server) [3mmethod[0m[2m=[0mBYE
Transaction loop starting for Key(z9hG4bK-70197-1-6:BYE:server)
Initial state: Trying
Received command: TransitionTo(Trying) for transaction Key(z9hG4bK-70197-1-6:BYE:server)
Processing TransitionTo(Trying) current state: Trying
Already in requested state, no transition needed: Trying
Received command: ProcessMessage(Request(Request { method: Bye, uri: Uri { scheme: Sip, user: Some("test"), password: None, host: Address(127.0.0.1), port: Some(5060), parameters: [], headers: {}, raw_uri: None }, version: Version { major: 2, minor: 0 }, headers: [Via(Via([ViaHeader { sent_protocol: SentProtocol { name: "SIP", version: "2.0", transport: "UDP" }, sent_by_host: Address(127.0.0.1), sent_by_port: Some(5061), params: [Branch("z9hG4bK-70197-1-6")] }])), From(From(Address { display_name: Some("sipp"), uri: Uri { scheme: Sip, user: Some("sipp"), password: None, host: Address(127.0.0.1), port: Some(5061), parameters: [], headers: {}, raw_uri: None }, params: [Tag("70197SIPpTag001")] })), To(To(Address { display_name: Some("test"), uri: Uri { scheme: Sip, user: Some("test"), password: None, host: Address(127.0.0.1), port: Some(5060), parameters: [], headers: {}, raw_uri: None }, params: [Tag("tag-eb9b343c279441c0be032d85e1456f38")] })), CallId(CallId("1-70197@127.0.0.1")), CSeq(CSeq { seq: 2, method: Bye }), Contact(Contact([Params([ContactParamInfo { address: Address { display_name: None, uri: Uri { scheme: Sip, user: Some("sipp"), password: None, host: Address(127.0.0.1), port: Some(5061), parameters: [], headers: {}, raw_uri: None }, params: [] } }])])), MaxForwards(MaxForwards(70)), ContentLength(ContentLength(0))], body: b"" })) for transaction Key(z9hG4bK-70197-1-6:BYE:server)
[2m2025-06-19T03:28:13.837442Z[0m [32m INFO[0m Sending response message to 127.0.0.1:5061
Received command: TransitionTo(Completed) for transaction Key(z9hG4bK-70197-1-6:BYE:server)
Processing TransitionTo(Completed) current state: Trying
Valid state transition: Trying -> Completed
State successfully changed to: Completed
📨 EVENT LOOP: Received session coordination event in background task
🎪 SESSION COORDINATION: Received event: CallTerminated { dialog_id: DialogId(6cf643f6-e293-4285-97ec-3898b7438b04), reason: "BYE received" }
[2m2025-06-19T03:28:13.837723Z[0m [32m INFO[0m handle_call_terminated called for dialog 6cf643f6-e293-4285-97ec-3898b7438b04: BYE received
Sent StateChanged event result: Success
[2m2025-06-19T03:28:13.837734Z[0m [32m INFO[0m Call terminated for session sess_5c7cd4dd-d813-4404-a782-96f58240a8da: 6cf643f6-e293-4285-97ec-3898b7438b04 - BYE received
[2m2025-06-19T03:28:13.837709Z[0m [32m INFO[0m BYE processed for dialog 6cf643f6-e293-4285-97ec-3898b7438b04
🎯 COORDINATOR: Handling event: SessionTerminated { session_id: SessionId("sess_5c7cd4dd-d813-4404-a782-96f58240a8da"), reason: "BYE received" }
🎯 COORDINATOR: Matched SessionTerminated event for sess_5c7cd4dd-d813-4404-a782-96f58240a8da - BYE received
🔴 COORDINATOR: handle_session_terminated called for session sess_5c7cd4dd-d813-4404-a782-96f58240a8da with reason: BYE received
[2m2025-06-19T03:28:13.837801Z[0m [32m INFO[0m Session sess_5c7cd4dd-d813-4404-a782-96f58240a8da terminated: BYE received
[2m2025-06-19T03:28:13.837810Z[0m [32m INFO[0m Media session terminated for SIP session: sess_5c7cd4dd-d813-4404-a782-96f58240a8da
🔔 COORDINATOR: Handler exists, checking for session sess_5c7cd4dd-d813-4404-a782-96f58240a8da
✅ COORDINATOR: Found session sess_5c7cd4dd-d813-4404-a782-96f58240a8da, calling handler.on_call_ended
[2m2025-06-19T03:28:13.837831Z[0m [32m INFO[0m Notifying handler about session sess_5c7cd4dd-d813-4404-a782-96f58240a8da termination
[2m2025-06-19T03:28:13.837845Z[0m [32m INFO[0m 🔚 Call 3cd79a2c-e107-4161-8d27-2e65769f93d9 state changed: "None" -> Terminated
[2m2025-06-19T03:28:13.837851Z[0m [32m INFO[0m 💬 Reason: BYE received
🎯 COORDINATOR: Handling event: StateChanged { session_id: SessionId("sess_5c7cd4dd-d813-4404-a782-96f58240a8da"), old_state: Active, new_state: Terminated }
[2m2025-06-19T03:28:13.837868Z[0m [32m INFO[0m Session sess_5c7cd4dd-d813-4404-a782-96f58240a8da state changed: Active -> Terminated
[2m2025-06-19T03:28:13.837878Z[0m [33m WARN[0m No media session found for SIP session: sess_5c7cd4dd-d813-4404-a782-96f58240a8da
