warning: method `handle_auto_options` is never used
   --> crates/dialog-core/src/manager/unified.rs:563:14
    |
197 | impl UnifiedDialogManager {
    | ------------------------- method in this implementation
...
563 |     async fn handle_auto_options(&self, request: Request, source: SocketAddr) -> ApiResult<()> {
    |              ^^^^^^^^^^^^^^^^^^^
    |
    = note: `#[warn(dead_code)]` on by default

warning: method `extract_body_string` is never used
   --> crates/dialog-core/src/protocol/invite_handler.rs:177:8
    |
71  | impl DialogManager {
    | ------------------ method in this implementation
...
177 |     fn extract_body_string(&self, request: &Request) -> String {
    |        ^^^^^^^^^^^^^^^^^^^

warning: unused import: `StaticEvent`
  --> crates/infra-common/src/events/static_path.rs:14:60
   |
14 | use crate::events::types::{Event, EventResult, EventError, StaticEvent, EventFilter};
   |                                                            ^^^^^^^^^^^
   |
   = note: `#[warn(unused_imports)]` on by default

warning: unused imports: `EventError` and `StaticEvent`
  --> crates/infra-common/src/events/system.rs:16:48
   |
16 | use crate::events::types::{Event, EventResult, EventError, EventFilter, StaticEvent};
   |                                                ^^^^^^^^^^               ^^^^^^^^^^^

warning: unused imports: `EventSystemBuilder` and `ImplementationType`
  --> crates/infra-common/src/events/system.rs:21:30
   |
21 | use crate::events::builder::{ImplementationType, EventSystemBuilder};
   |                              ^^^^^^^^^^^^^^^^^^  ^^^^^^^^^^^^^^^^^^

warning: variable does not need to be mutable
  --> crates/infra-common/src/lifecycle/manager.rs:87:13
   |
87 |         let mut components = self.components.write().unwrap();
   |             ----^^^^^^^^^^
   |             |
   |             help: remove this `mut`
   |
   = note: `#[warn(unused_mut)]` on by default

warning: variable does not need to be mutable
   --> crates/infra-common/src/lifecycle/manager.rs:107:13
    |
107 |         let mut components = self.components.write().unwrap();
    |             ----^^^^^^^^^^
    |             |
    |             help: remove this `mut`

warning: variable does not need to be mutable
   --> crates/infra-common/src/lifecycle/manager.rs:127:13
    |
127 |         let mut components = self.components.write().unwrap();
    |             ----^^^^^^^^^^
    |             |
    |             help: remove this `mut`

warning: variable does not need to be mutable
   --> crates/infra-common/src/lifecycle/manager.rs:148:13
    |
148 |         let mut components = self.components.write().unwrap();
    |             ----^^^^^^^^^^
    |             |
    |             help: remove this `mut`

warning: use of deprecated method `config::Config::merge`: please use 'ConfigBuilder' instead
  --> crates/infra-common/src/config/loader.rs:63:20
   |
63 |             config.merge(File::from(base_path.clone()))
   |                    ^^^^^
   |
   = note: `#[warn(deprecated)]` on by default

warning: use of deprecated method `config::Config::merge`: please use 'ConfigBuilder' instead
  --> crates/infra-common/src/config/loader.rs:69:20
   |
69 |             config.merge(File::from(env_path))
   |                    ^^^^^

warning: use of deprecated method `config::Config::merge`: please use 'ConfigBuilder' instead
  --> crates/infra-common/src/config/loader.rs:75:16
   |
75 |         config.merge(Environment::with_prefix(&env_prefix).separator("__"))
   |                ^^^^^

warning: use of deprecated method `config::Config::merge`: please use 'ConfigBuilder' instead
  --> crates/infra-common/src/config/loader.rs:97:16
   |
97 |         config.merge(Environment::with_prefix(&env_prefix).separator("__"))
   |                ^^^^^

warning: use of deprecated method `config::Config::merge`: please use 'ConfigBuilder' instead
   --> crates/infra-common/src/config/loader.rs:115:20
    |
115 |             config.merge(File::from(p.clone()))
    |                    ^^^^^

warning: methods `type_name` and `clone_sender` are never used
  --> crates/infra-common/src/events/registry.rs:37:8
   |
35 | trait AnyBroadcastSender: Send + Sync + 'static {
   |       ------------------ methods in this trait
36 |     fn as_any(&self) -> &dyn Any;
37 |     fn type_name(&self) -> &str;
   |        ^^^^^^^^^
38 |     fn clone_sender(&self) -> Box<dyn AnyBroadcastSender>;
   |        ^^^^^^^^^^^^
   |
   = note: `#[warn(dead_code)]` on by default

warning: fields `id`, `event_type`, and `priority` are never read
  --> crates/infra-common/src/events/subscriber.rs:11:16
   |
10 | pub struct SubscriberHandle {
   |            ---------------- fields in this struct
11 |     pub(crate) id: u64,
   |                ^^
12 |     pub(crate) event_type: EventType,
   |                ^^^^^^^^^^
13 |     pub(crate) priority: EventPriority,
   |                ^^^^^^^^
   |
   = note: `SubscriberHandle` has derived impls for the traits `Clone` and `Debug`, but these are intentionally ignored during dead code analysis

warning: `rvoip-dialog-core` (lib) generated 2 warnings
warning: `infra-common` (lib) generated 14 warnings (run `cargo fix --lib -p infra-common` to apply 7 suggestions)
   Compiling rvoip-session-core v0.1.0 (/Users/jonathan/Documents/Work/Rudeless Ventures/rvoip/rvoip/crates/session-core)
    Finished `dev` profile [unoptimized + debuginfo] target(s) in 4.96s
     Running `/Users/jonathan/Documents/Work/Rudeless Ventures/rvoip/rvoip/target/debug/uas_server_clean --port 5062 --log-level info --auto-accept true --max-calls 10`
error: unexpected argument 'true' found

Usage: uas_server_clean [OPTIONS]

For more information, try '--help'.
